Active-HDL 13.0.375.8320 2024-04-26 19:50:26

Elaboration top modules:
Architecture                  tb(tb_traffic_light)


---------------------------------------------------------------------------------------------------------
Entity           | Architecture | Library       | Info | Compiler Version          | Compilation Options
---------------------------------------------------------------------------------------------------------
tb_traffic_light | tb           | traffic_light |      | 13.0.375.8320 (Windows64) | -dbg
traffic_light    | behavior     | traffic_light |      | 13.0.375.8320 (Windows64) | -dbg
---------------------------------------------------------------------------------------------------------

---------------------------------------------------------------------------------------------------------
VHDL Package                    | Library       | Info | Compiler Version          | Compilation Options
---------------------------------------------------------------------------------------------------------
standard                        | std           |      |                           | <unavailable>
TEXTIO                          | std           |      | 13.0.375.8320 (Windows64) |  -2019
std_logic_1164                  | ieee          |      | 13.0.375.8320 (Windows64) |  -2008
NUMERIC_STD                     | ieee          |      | 13.0.375.8320 (Windows64) |  -2008
---------------------------------------------------------------------------------------------------------

---------------------------------------------------------------------------------------------------------
Library                         | Comment
---------------------------------------------------------------------------------------------------------
ieee                            | Standard IEEE packages library
std                             | Standard VHDL library
traffic_light                   | None
---------------------------------------------------------------------------------------------------------


Simulation Options: asim -O5 +access +r +m+tb_traffic_light tb_traffic_light tb

