Active-HDL 13.0.375.8320 2024-05-13 18:50:14

Elaboration top modules:
Architecture                  tb(tb_ones_counter)


--------------------------------------------------------------------------------------------------
Entity          | Architecture | Library | Info | Compiler Version          | Compilation Options
--------------------------------------------------------------------------------------------------
tb_ones_counter | tb           | q2      |      | 13.0.375.8320 (Windows64) | -dbg
ones_counter    | Behavioral   | q2      |      | 13.0.375.8320 (Windows64) | -dbg
--------------------------------------------------------------------------------------------------

--------------------------------------------------------------------------------------------------
VHDL Package                   | Library | Info | Compiler Version          | Compilation Options
--------------------------------------------------------------------------------------------------
standard                       | std     |      |                           | <unavailable>
TEXTIO                         | std     |      | 13.0.375.8320 (Windows64) |  -2019
std_logic_1164                 | ieee    |      | 13.0.375.8320 (Windows64) |  -2008
--------------------------------------------------------------------------------------------------

--------------------------------------------------------------------------------------------------
Library                        | Comment
--------------------------------------------------------------------------------------------------
ieee                           | Standard IEEE packages library
q2                             | None
std                            | Standard VHDL library
--------------------------------------------------------------------------------------------------
