# Design: Design q1 already active.
# DESIGN: Default Design Language: VHDL
# DESIGN: Default BDE Language: VHDL
# DESIGN: Flow Manager: Not Defined
acom -reorder -dbg -e 100 -work q1 -2002  $dsn/src/binaryConverter.vhd
# File: F:/uni/CAD/HW3/hw3/q1/src/binaryConverter.vhd
# Compile Entity "binary_to_unary"
# Compile Architecture "Behavioral" of Entity "binary_to_unary"
# Error: COMP96_0329: binaryConverter.vhd : (19, 3): Generate statement must have a label.
# Error: COMP96_0019: binaryConverter.vhd : (19, 19): Keyword 'generate' expected.
# Error: COMP96_0015: binaryConverter.vhd : (22, 9): ';' expected.
# Error: COMP96_0016: binaryConverter.vhd : (22, 11): Design unit declaration expected.
# Error: COMP96_0019: binaryConverter.vhd : (25, 28): Keyword 'of' expected.
# Error: COMP96_0018: binaryConverter.vhd : (25, 28): Identifier expected.
# Compile failure 6 Errors 0 Warnings  Analysis time :  78.0 [ms]
acom -dbg -e 100 -work q1 -2002  $dsn/src/binaryConverter.vhd
# File: F:/uni/CAD/HW3/hw3/q1/src/binaryConverter.vhd
# Compile Entity "binary_to_unary"
# Compile Architecture "Behavioral" of Entity "binary_to_unary"
# Error: COMP96_0329: binaryConverter.vhd : (19, 3): Generate statement must have a label.
# Error: COMP96_0019: binaryConverter.vhd : (19, 19): Keyword 'generate' expected.
# Error: COMP96_0015: binaryConverter.vhd : (22, 9): ';' expected.
# Error: COMP96_0016: binaryConverter.vhd : (22, 11): Design unit declaration expected.
# Error: COMP96_0019: binaryConverter.vhd : (25, 28): Keyword 'of' expected.
# Error: COMP96_0018: binaryConverter.vhd : (25, 28): Identifier expected.
# Compile failure 6 Errors 0 Warnings  Analysis time :  31.0 [ms]
acom -dbg -e 100 -work q1 -2002  $dsn/src/binaryConverter.vhd
# File: F:/uni/CAD/HW3/hw3/q1/src/binaryConverter.vhd
# Compile Entity "binary_to_unary"
# Compile Architecture "Behavioral" of Entity "binary_to_unary"
# Error: COMP96_0329: binaryConverter.vhd : (19, 3): Generate statement must have a label.
# Error: COMP96_0019: binaryConverter.vhd : (19, 9): Keyword 'in' expected.
# Error: COMP96_0019: binaryConverter.vhd : (19, 9): Keyword 'generate' expected.
# Error: COMP96_0015: binaryConverter.vhd : (22, 9): ';' expected.
# Error: COMP96_0016: binaryConverter.vhd : (22, 11): Design unit declaration expected.
# Error: COMP96_0019: binaryConverter.vhd : (25, 28): Keyword 'of' expected.
# Error: COMP96_0018: binaryConverter.vhd : (25, 28): Identifier expected.
# Compile failure 7 Errors 0 Warnings  Analysis time :  31.0 [ms]
acom -dbg -e 100 -work q1 -2002  $dsn/src/binaryConverter.vhd
# File: F:/uni/CAD/HW3/hw3/q1/src/binaryConverter.vhd
# Compile Entity "binary_to_unary"
# Compile Architecture "Behavioral" of Entity "binary_to_unary"
# Error: COMP96_0329: binaryConverter.vhd : (19, 3): Generate statement must have a label.
# Error: COMP96_0019: binaryConverter.vhd : (19, 9): Keyword 'in' expected.
# Error: COMP96_0019: binaryConverter.vhd : (19, 9): Keyword 'generate' expected.
# Error: COMP96_0015: binaryConverter.vhd : (22, 9): ';' expected.
# Error: COMP96_0016: binaryConverter.vhd : (22, 11): Design unit declaration expected.
# Error: COMP96_0019: binaryConverter.vhd : (25, 28): Keyword 'of' expected.
# Error: COMP96_0018: binaryConverter.vhd : (25, 28): Identifier expected.
# Compile failure 7 Errors 0 Warnings  Analysis time :  15.0 [ms]
acom -dbg -e 100 -work q1 -2002  $dsn/src/binaryConverter.vhd
# File: F:/uni/CAD/HW3/hw3/q1/src/binaryConverter.vhd
# Compile Entity "binary_to_unary"
# Compile Architecture "Behavioral" of Entity "binary_to_unary"
# Error: COMP96_0329: binaryConverter.vhd : (19, 3): Generate statement must have a label.
# Error: COMP96_0019: binaryConverter.vhd : (19, 9): Keyword 'in' expected.
# Error: COMP96_0019: binaryConverter.vhd : (19, 9): Keyword 'generate' expected.
# Error: COMP96_0015: binaryConverter.vhd : (22, 9): ';' expected.
# Error: COMP96_0016: binaryConverter.vhd : (22, 11): Design unit declaration expected.
# Error: COMP96_0019: binaryConverter.vhd : (25, 28): Keyword 'of' expected.
# Error: COMP96_0018: binaryConverter.vhd : (25, 28): Identifier expected.
# Compile failure 7 Errors 0 Warnings  Analysis time :  15.0 [ms]
acom -dbg -e 100 -work q1 -2002  $dsn/src/binaryConverter.vhd
# File: F:/uni/CAD/HW3/hw3/q1/src/binaryConverter.vhd
# Compile Entity "binary_to_unary"
# Compile Architecture "Behavioral" of Entity "binary_to_unary"
# Error: COMP96_0329: binaryConverter.vhd : (19, 3): Generate statement must have a label.
# Error: COMP96_0019: binaryConverter.vhd : (19, 19): Keyword 'generate' expected.
# Error: COMP96_0015: binaryConverter.vhd : (22, 9): ';' expected.
# Error: COMP96_0016: binaryConverter.vhd : (22, 11): Design unit declaration expected.
# Error: COMP96_0019: binaryConverter.vhd : (25, 28): Keyword 'of' expected.
# Error: COMP96_0018: binaryConverter.vhd : (25, 28): Identifier expected.
# Compile failure 6 Errors 0 Warnings  Analysis time :  15.0 [ms]
acom -dbg -e 100 -work q1 -2002  $dsn/src/binaryConverter.vhd
# File: F:/uni/CAD/HW3/hw3/q1/src/binaryConverter.vhd
# Compile Entity "binary_to_unary"
# Compile Architecture "Behavioral" of Entity "binary_to_unary"
# Error: COMP96_0019: binaryConverter.vhd : (26, 3): Keyword 'end' expected.
# Compile failure 1 Errors 0 Warnings  Analysis time :  0.0 [ms]
acom -dbg -e 100 -work q1 -2002  $dsn/src/binaryConverter.vhd
# File: F:/uni/CAD/HW3/hw3/q1/src/binaryConverter.vhd
# Compile Entity "binary_to_unary"
# Compile Architecture "Behavioral" of Entity "binary_to_unary"
# Error: COMP96_0078: binaryConverter.vhd : (13, 36): Unknown identifier "to_integer".
# Error: COMP96_0078: binaryConverter.vhd : (13, 47): Unknown identifier "unsigned".
# Error: COMP96_0133: binaryConverter.vhd : (13, 47): Cannot find object declaration.
# Error: COMP96_0133: binaryConverter.vhd : (13, 36): Cannot find object declaration.
# Error: COMP96_0289: binaryConverter.vhd : (13, 36): Prefix of index must be an array.
# Error: COMP96_0077: binaryConverter.vhd : (13, 36): Undefined type of expression. Expected type 'INTEGER'.
# Error: COMP96_0078: binaryConverter.vhd : (19, 11): Unknown identifier "bin".
# Error: COMP96_0348: binaryConverter.vhd : (19, 11): Name on sensitivity list must denote a signal.
# Compile failure 8 Errors 0 Warnings  Analysis time :  16.0 [ms]
acom -dbg -e 100 -work q1 -2002  $dsn/src/binaryConverter.vhd
# File: F:/uni/CAD/HW3/hw3/q1/src/binaryConverter.vhd
# Compile Entity "binary_to_unary"
# Compile Architecture "Behavioral" of Entity "binary_to_unary"
# Error: COMP96_0078: binaryConverter.vhd : (13, 36): Unknown identifier "to_integer".
# Error: COMP96_0078: binaryConverter.vhd : (13, 47): Unknown identifier "unsigned".
# Error: COMP96_0133: binaryConverter.vhd : (13, 47): Cannot find object declaration.
# Error: COMP96_0133: binaryConverter.vhd : (13, 36): Cannot find object declaration.
# Error: COMP96_0289: binaryConverter.vhd : (13, 36): Prefix of index must be an array.
# Error: COMP96_0077: binaryConverter.vhd : (13, 36): Undefined type of expression. Expected type 'INTEGER'.
# Compile failure 6 Errors 0 Warnings  Analysis time :  15.0 [ms]
acom -dbg -e 100 -work q1 -2002  $dsn/src/binaryConverter.vhd
# File: F:/uni/CAD/HW3/hw3/q1/src/binaryConverter.vhd
# Compile Entity "binary_to_unary"
# Compile Architecture "Behavioral" of Entity "binary_to_unary"
# Error: COMP96_0078: binaryConverter.vhd : (13, 36): Unknown identifier "to_integer".
# Error: COMP96_0078: binaryConverter.vhd : (13, 47): Unknown identifier "unsigned".
# Error: COMP96_0133: binaryConverter.vhd : (13, 47): Cannot find object declaration.
# Error: COMP96_0133: binaryConverter.vhd : (13, 36): Cannot find object declaration.
# Error: COMP96_0289: binaryConverter.vhd : (13, 36): Prefix of index must be an array.
# Error: COMP96_0077: binaryConverter.vhd : (13, 36): Undefined type of expression. Expected type 'INTEGER'.
# Compile failure 6 Errors 0 Warnings  Analysis time :  16.0 [ms]
acom -dbg -e 100 -work q1 -2002  $dsn/src/binaryConverter.vhd
# File: F:/uni/CAD/HW3/hw3/q1/src/binaryConverter.vhd
# Compile Entity "binary_to_unary"
# Compile Architecture "Behavioral" of Entity "binary_to_unary"
# Error: COMP96_0078: binaryConverter.vhd : (14, 36): Unknown identifier "unsigned".
# Error: COMP96_0133: binaryConverter.vhd : (14, 36): Cannot find object declaration.
# Error: COMP96_0289: binaryConverter.vhd : (14, 36): Prefix of index must be an array.
# Error: COMP96_0077: binaryConverter.vhd : (14, 36): Undefined type of expression. Expected type 'INTEGER'.
# Compile failure 4 Errors 0 Warnings  Analysis time :  15.0 [ms]
acom -dbg -e 100 -work q1 -2002  $dsn/src/binaryConverter.vhd
# File: F:/uni/CAD/HW3/hw3/q1/src/binaryConverter.vhd
# Compile Entity "binary_to_unary"
# Compile Architecture "Behavioral" of Entity "binary_to_unary"
# Error: COMP96_0419: binaryConverter.vhd : (16, 47): Ambiguous reference to "unsigned". Visible declarations include 'ieee.NUMERIC_STD.unsigned' and 'ieee.std_logic_arith.unsigned'.
# Error: COMP96_0272: binaryConverter.vhd : (16, 47): Ambiguous reference to type "UNSIGNED".
# Error: COMP96_0305: binaryConverter.vhd : (16, 36): Cannot find function "to_integer" for these actuals.
# Error: COMP96_0077: binaryConverter.vhd : (16, 36): Undefined type of expression. Expected type 'INTEGER'.
# Compile failure 4 Errors 0 Warnings  Analysis time :  31.0 [ms]
acom -dbg -e 100 -work q1 -2002  $dsn/src/binaryConverter.vhd
# File: F:/uni/CAD/HW3/hw3/q1/src/binaryConverter.vhd
# Compile Entity "binary_to_unary"
# Compile Architecture "Behavioral" of Entity "binary_to_unary"
# Compile success 0 Errors 0 Warnings  Analysis time :  78.0 [ms]
acom -dbg -e 100 -work q1 -2002  $dsn/src/TestBench/binary_to_unary_TB.vhd
# File: F:/uni/CAD/HW3/hw3/q1/src/TestBench/binary_to_unary_TB.vhd
# Compile Entity "tb_binary_to_unary"
# Compile Architecture "tb" of Entity "tb_binary_to_unary"
# Compile Configuration "cfg_tb_binary_to_unary"
# Compile success 0 Errors 0 Warnings  Analysis time :  78.0 [ms]
acom -dbg -e 100 -work q1 -2002  $dsn/src/binaryConverter.vhd $dsn/src/TestBench/binary_to_unary_TB.vhd
# File: F:/uni/CAD/HW3/hw3/q1/src/binaryConverter.vhd
# Compile Entity "binary_to_unary"
# Compile Architecture "Behavioral" of Entity "binary_to_unary"
# File: F:/uni/CAD/HW3/hw3/q1/src/TestBench/binary_to_unary_TB.vhd
# Compile Entity "tb_binary_to_unary"
# Compile Architecture "tb" of Entity "tb_binary_to_unary"
# Compile Configuration "cfg_tb_binary_to_unary"
# Compile success 0 Errors 0 Warnings  Analysis time :  0.1 [s]
# ELBREAD: Elaboration process.
# ELBREAD: Elaboration time 0.0 [s].
asim -O5 +access +r +m+tb_binary_to_unary tb_binary_to_unary tb
# ELBREAD: Elaboration process.
# ELBREAD: Elaboration time 0.0 [s].
# VSIM: Stack memory: 32MB
# VSIM: Retval memory: 32MB
# KERNEL: Main thread initiated.
# KERNEL: Kernel process initialization phase.
# ELAB2: Elaboration final pass...
# ELAB2: Create instances ...
# KERNEL: Time resolution set to 1ps.
# KERNEL: WARNING: NUMERIC_STD.TO_INTEGER: metavalue detected, returning 0
# KERNEL: Time: 0 ps,  Iteration: 0,  TOP instance.
# ELAB2: Create instances complete.
# SLP: Started
# SLP: Elaboration phase ...
# SLP: Elaboration phase ... skipped, nothing to simulate in SLP mode : 0.0 [s]
# SLP: Finished : 0.0 [s]
# ELAB2: Elaboration final pass complete - time: 0.1 [s].
# KERNEL: Kernel process initialization done.
# Allocation: Simulator allocated 6466 kB (elbread=427 elab2=5898 kernel=140 sdf=0)
# KERNEL: ASDB file was created in location F:\uni\CAD\HW3\hw3\q1\src\wave.asdb
#  5:10 PM, Monday, May 13, 2024
#  Simulation has been initialized
# VSIM: 5 object(s) traced.
# Waveform file 'untitled.awc' connected to 'F:/uni/CAD/HW3/hw3/q1/src/wave.asdb'.
run 100 ns
# KERNEL: stopped at time: 100 ns
run 1000 ns
# KERNEL: stopped at time: 1100 ns
run 1000 ns
# KERNEL: stopped at time: 2100 ns
run 1000 ns
# KERNEL: stopped at time: 3100 ns
run 1000 ns
# KERNEL: stopped at time: 4100 ns
run 1000 ns
# KERNEL: stopped at time: 5100 ns
run 1000 ns
# KERNEL: stopped at time: 6100 ns
endsim
# VSIM: Simulation has finished.
asim -O5 +access +r +m+tb_binary_to_unary tb_binary_to_unary tb
# ELBREAD: Elaboration process.
# ELBREAD: Elaboration time 0.0 [s].
# VSIM: Stack memory: 32MB
# VSIM: Retval memory: 32MB
acom -dbg -e 100 -work q1 -2002  $dsn/src/TestBench/binary_to_unary_TB.vhd
# File: F:/uni/CAD/HW3/hw3/q1/src/TestBench/binary_to_unary_TB.vhd
# Compile Entity "tb_binary_to_unary"
# Compile Architecture "tb" of Entity "tb_binary_to_unary"
# Compile Configuration "cfg_tb_binary_to_unary"
# Compile success 0 Errors 0 Warnings  Analysis time :  78.0 [ms]
# ELBREAD: Elaboration process.
# ELBREAD: Elaboration time 0.0 [s].
# KERNEL: Main thread initiated.
# KERNEL: Kernel process initialization phase.
# ELAB2: Elaboration final pass...
# ELAB2: Create instances ...
# KERNEL: Time resolution set to 1ps.
# KERNEL: WARNING: NUMERIC_STD.TO_INTEGER: metavalue detected, returning 0
# KERNEL: Time: 0 ps,  Iteration: 0,  TOP instance.
# ELAB2: Create instances complete.
# SLP: Started
# SLP: Elaboration phase ...
# SLP: Elaboration phase ... skipped, nothing to simulate in SLP mode : 0.0 [s]
# SLP: Finished : 0.0 [s]
# ELAB2: Elaboration final pass complete - time: 0.0 [s].
# KERNEL: Kernel process initialization done.
# Allocation: Simulator allocated 6467 kB (elbread=427 elab2=5899 kernel=140 sdf=0)
# KERNEL: ASDB file was created in location F:\uni\CAD\HW3\hw3\q1\src\wave.asdb
#  5:12 PM, Monday, May 13, 2024
#  Simulation has been initialized
# Waveform file 'untitled.awc' connected to 'F:/uni/CAD/HW3/hw3/q1/src/wave.asdb'.
# VSIM: 5 object(s) traced.
run 1000 ns
# KERNEL: stopped at time: 1 us
endsim
# VSIM: Simulation has finished.
asim -O5 +access +r +m+tb_binary_to_unary tb_binary_to_unary tb
# ELBREAD: Elaboration process.
# ELBREAD: Elaboration time 0.0 [s].
# VSIM: Stack memory: 32MB
# VSIM: Retval memory: 32MB
acom -dbg -e 100 -work q1 -2002  $dsn/src/binaryConverter.vhd
# File: F:/uni/CAD/HW3/hw3/q1/src/binaryConverter.vhd
# Compile Entity "binary_to_unary"
# Compile Architecture "Behavioral" of Entity "binary_to_unary"
# Error: COMP96_0020: binaryConverter.vhd : (15, 1): Variable can be declared only in a process or subprogram.
# Error: COMP96_0015: binaryConverter.vhd : (17, 21): ':' expected.
# Compile failure 2 Errors 0 Warnings  Analysis time :  15.0 [ms]
# ELBREAD: Elaboration process.
# ELBREAD: Elaboration time 0.0 [s].
# KERNEL: Main thread initiated.
# KERNEL: Kernel process initialization phase.
# ELAB2: Elaboration final pass...
# ELAB2: Create instances ...
# KERNEL: Time resolution set to 1ps.
# KERNEL: WARNING: NUMERIC_STD.TO_INTEGER: metavalue detected, returning 0
# KERNEL: Time: 0 ps,  Iteration: 0,  TOP instance.
# ELAB2: Create instances complete.
# SLP: Started
# SLP: Elaboration phase ...
# SLP: Elaboration phase ... skipped, nothing to simulate in SLP mode : 0.0 [s]
# SLP: Finished : 0.0 [s]
# ELAB2: Elaboration final pass complete - time: 0.0 [s].
# KERNEL: Kernel process initialization done.
# Allocation: Simulator allocated 6467 kB (elbread=427 elab2=5899 kernel=140 sdf=0)
# KERNEL: ASDB file was created in location F:\uni\CAD\HW3\hw3\q1\src\wave.asdb
#  5:14 PM, Monday, May 13, 2024
#  Simulation has been initialized
# Waveform file 'untitled.awc' connected to 'F:/uni/CAD/HW3/hw3/q1/src/wave.asdb'.
acom -dbg -e 100 -work q1 -2002  $dsn/src/binaryConverter.vhd
# File: F:/uni/CAD/HW3/hw3/q1/src/binaryConverter.vhd
# Compile Entity "binary_to_unary"
# Compile Architecture "Behavioral" of Entity "binary_to_unary"
# Error: COMP96_0020: binaryConverter.vhd : (15, 1): Variable can be declared only in a process or subprogram.
# Error: COMP96_0015: binaryConverter.vhd : (17, 21): ':' expected.
# Compile failure 2 Errors 0 Warnings  Analysis time :  16.0 [ms]
acom -dbg -e 100 -work q1 -2002  $dsn/src/binaryConverter.vhd
# File: F:/uni/CAD/HW3/hw3/q1/src/binaryConverter.vhd
# Compile Entity "binary_to_unary"
# Compile Architecture "Behavioral" of Entity "binary_to_unary"
# Error: COMP96_0020: binaryConverter.vhd : (15, 1): Variable can be declared only in a process or subprogram.
# Compile failure 1 Errors 0 Warnings  Analysis time :  16.0 [ms]
endsim
# VSIM: Simulation has finished.
asim -O5 +access +r +m+tb_binary_to_unary tb_binary_to_unary tb
# ELBREAD: Elaboration process.
# ELBREAD: Elaboration time 0.0 [s].
# VSIM: Stack memory: 32MB
# VSIM: Retval memory: 32MB
acom -dbg -e 100 -work q1 -2002  $dsn/src/TestBench/binary_to_unary_TB.vhd
# File: F:/uni/CAD/HW3/hw3/q1/src/TestBench/binary_to_unary_TB.vhd
# Compile Entity "tb_binary_to_unary"
# Compile Architecture "tb" of Entity "tb_binary_to_unary"
# Compile Configuration "cfg_tb_binary_to_unary"
# Compile success 0 Errors 0 Warnings  Analysis time :  63.0 [ms]
# ELBREAD: Elaboration process.
# ELBREAD: Elaboration time 0.0 [s].
# KERNEL: Main thread initiated.
# KERNEL: Kernel process initialization phase.
# ELAB2: Elaboration final pass...
# ELAB2: Create instances ...
# KERNEL: Time resolution set to 1ps.
# KERNEL: WARNING: NUMERIC_STD.TO_INTEGER: metavalue detected, returning 0
# KERNEL: Time: 0 ps,  Iteration: 0,  TOP instance.
# ELAB2: Create instances complete.
# SLP: Started
# SLP: Elaboration phase ...
# SLP: Elaboration phase ... skipped, nothing to simulate in SLP mode : 0.0 [s]
# SLP: Finished : 0.0 [s]
# ELAB2: Elaboration final pass complete - time: 0.0 [s].
# KERNEL: Kernel process initialization done.
# Allocation: Simulator allocated 6467 kB (elbread=427 elab2=5899 kernel=140 sdf=0)
# KERNEL: ASDB file was created in location F:\uni\CAD\HW3\hw3\q1\src\wave.asdb
#  5:14 PM, Monday, May 13, 2024
#  Simulation has been initialized
# Waveform file 'untitled.awc' connected to 'F:/uni/CAD/HW3/hw3/q1/src/wave.asdb'.
# VSIM: 5 object(s) traced.
run 1000 ns
# KERNEL: stopped at time: 1 us
endsim
# VSIM: Simulation has finished.
acom -reorder -dbg -e 100 -work q1 -2002  $dsn/src/binaryConverter.vhd $dsn/src/TestBench/binary_to_unary_TB.vhd
# File: F:/uni/CAD/HW3/hw3/q1/src/binaryConverter.vhd
# Compile Entity "binary_to_unary"
# Compile Architecture "Behavioral" of Entity "binary_to_unary"
# File: F:/uni/CAD/HW3/hw3/q1/src/TestBench/binary_to_unary_TB.vhd
# Compile Entity "tb_binary_to_unary"
# Compile Architecture "tb" of Entity "tb_binary_to_unary"
# Compile Configuration "cfg_tb_binary_to_unary"
# Top-level unit(s) detected:
# Configuration => cfg_tb_binary_to_unary
# Error: COMP96_0020: binaryConverter.vhd : (15, 1): Variable can be declared only in a process or subprogram.
# Error: COMP96_0047: binaryConverter.vhd : (22, 1): Concurrent statement or ':' expected.
# Compile failure 2 Errors 0 Warnings  Analysis time :  94.0 [ms]
acom -dbg -e 100 -work q1 -2002  $dsn/src/binaryConverter.vhd $dsn/src/TestBench/binary_to_unary_TB.vhd
# File: F:/uni/CAD/HW3/hw3/q1/src/binaryConverter.vhd
# Compile Entity "binary_to_unary"
# Compile Architecture "Behavioral" of Entity "binary_to_unary"
# Error: COMP96_0020: binaryConverter.vhd : (15, 1): Variable can be declared only in a process or subprogram.
# Error: COMP96_0047: binaryConverter.vhd : (22, 1): Concurrent statement or ':' expected.
# File: F:/uni/CAD/HW3/hw3/q1/src/TestBench/binary_to_unary_TB.vhd
# Compile Entity "tb_binary_to_unary"
# Compile Architecture "tb" of Entity "tb_binary_to_unary"
# Compile Configuration "cfg_tb_binary_to_unary"
# Compile failure 2 Errors 0 Warnings  Analysis time :  78.0 [ms]
acom -dbg -e 100 -work q1 -2002  $dsn/src/binaryConverter.vhd
# File: F:/uni/CAD/HW3/hw3/q1/src/binaryConverter.vhd
# Compile Entity "binary_to_unary"
# Compile Architecture "Behavioral" of Entity "binary_to_unary"
# Error: COMP96_0019: binaryConverter.vhd : (22, 1): Keyword 'end' expected.
# Error: COMP96_0016: binaryConverter.vhd : (22, 10): Design unit declaration expected.
# Error: COMP96_0019: binaryConverter.vhd : (37, 28): Keyword 'of' expected.
# Error: COMP96_0018: binaryConverter.vhd : (37, 28): Identifier expected.
# Compile failure 4 Errors 0 Warnings  Analysis time :  47.0 [ms]
acom -dbg -e 100 -work q1 -2002  $dsn/src/binaryConverter.vhd
# File: F:/uni/CAD/HW3/hw3/q1/src/binaryConverter.vhd
# Compile Entity "binary_to_unary"
# Compile Architecture "Behavioral" of Entity "binary_to_unary"
# Warning: COMP96_0564: binaryConverter.vhd : (19, 4): Shared variable is not of a protected type. (IEEE 1076-2002, 4.3.1.3)
# Compile success 0 Errors 1 Warnings  Analysis time :  63.0 [ms]
acom -dbg -e 100 -work q1 -2002  $dsn/src/binaryConverter.vhd
# File: F:/uni/CAD/HW3/hw3/q1/src/binaryConverter.vhd
# Compile Entity "binary_to_unary"
# Compile Architecture "Behavioral" of Entity "binary_to_unary"
# Compile success 0 Errors 0 Warnings  Analysis time :  62.0 [ms]
asim -O5 +access +r +m+tb_binary_to_unary tb_binary_to_unary tb
# ELBREAD: Elaboration process.
# ELBREAD: Elaboration time 0.0 [s].
# VSIM: Stack memory: 32MB
# VSIM: Retval memory: 32MB
# KERNEL: Main thread initiated.
# KERNEL: Kernel process initialization phase.
# ELAB2: Elaboration final pass...
# ELAB2: Create instances ...
# KERNEL: Time resolution set to 1ps.
# ELAB2: Create instances complete.
# SLP: Started
# SLP: Elaboration phase ...
# SLP: Elaboration phase ... skipped, nothing to simulate in SLP mode : 0.0 [s]
# SLP: Finished : 0.0 [s]
# ELAB2: Elaboration final pass complete - time: 0.0 [s].
# KERNEL: Kernel process initialization done.
# Allocation: Simulator allocated 6467 kB (elbread=427 elab2=5899 kernel=140 sdf=0)
# KERNEL: ASDB file was created in location F:\uni\CAD\HW3\hw3\q1\src\wave.asdb
#  5:18 PM, Monday, May 13, 2024
#  Simulation has been initialized
# Waveform file 'untitled.awc' connected to 'F:/uni/CAD/HW3/hw3/q1/src/wave.asdb'.
# VSIM: 5 object(s) traced.
run 1000 ns
# KERNEL: WARNING: NUMERIC_STD.TO_INTEGER: metavalue detected, returning 0
# KERNEL: Time: 0 ps,  Iteration: 0,  Instance: /tb_binary_to_unary/dut,  Process: line__27.
# KERNEL: stopped at time: 1 us
restart
# ELBREAD: Elaboration process.
# ELBREAD: Elaboration time 0.0 [s].
# KERNEL: Main thread initiated.
# KERNEL: Kernel process initialization phase.
# ELAB2: Elaboration final pass...
# ELAB2: Create instances ...
# KERNEL: Time resolution set to 1ps.
# ELAB2: Create instances complete.
# SLP: Started
# SLP: Elaboration phase ...
# SLP: Elaboration phase ... skipped, nothing to simulate in SLP mode : 0.0 [s]
# SLP: Finished : 0.0 [s]
# ELAB2: Elaboration final pass complete - time: 0.0 [s].
# KERNEL: Kernel process initialization done.
# Allocation: Simulator allocated 6467 kB (elbread=427 elab2=5899 kernel=140 sdf=0)
# KERNEL: ASDB file was created in location F:\uni\CAD\HW3\hw3\q1\src\wave.asdb
#  5:19 PM, Monday, May 13, 2024
#  Simulation has been initialized
# Waveform file 'untitled.awc' connected to 'F:/uni/CAD/HW3/hw3/q1/src/wave.asdb'.
endsim
# VSIM: Simulation has finished.
asim -O5 +access +r +m+tb_binary_to_unary tb_binary_to_unary tb
# ELBREAD: Elaboration process.
# ELBREAD: Elaboration time 0.0 [s].
# VSIM: Stack memory: 32MB
# VSIM: Retval memory: 32MB
acom -dbg -e 100 -work q1 -2002  $dsn/src/binaryConverter.vhd
# File: F:/uni/CAD/HW3/hw3/q1/src/binaryConverter.vhd
# Compile Entity "binary_to_unary"
# Compile Architecture "Behavioral" of Entity "binary_to_unary"
# Error: COMP96_0078: binaryConverter.vhd : (28, 38): Unknown identifier "bin".
# Error: COMP96_0133: binaryConverter.vhd : (28, 38): Cannot find object declaration.
# Error: COMP96_0149: binaryConverter.vhd : (28, 38): Explicit type conversions are allowed between closely related types only.
# Compile failure 3 Errors 0 Warnings  Analysis time :  16.0 [ms]
# ELBREAD: Elaboration process.
# ELBREAD: Elaboration time 0.0 [s].
# KERNEL: Main thread initiated.
# KERNEL: Kernel process initialization phase.
# ELAB2: Elaboration final pass...
# ELAB2: Create instances ...
# KERNEL: Time resolution set to 1ps.
# ELAB2: Create instances complete.
# SLP: Started
# SLP: Elaboration phase ...
# SLP: Elaboration phase ... skipped, nothing to simulate in SLP mode : 0.0 [s]
# SLP: Finished : 0.0 [s]
# ELAB2: Elaboration final pass complete - time: 0.0 [s].
# KERNEL: Kernel process initialization done.
# Allocation: Simulator allocated 6467 kB (elbread=427 elab2=5899 kernel=140 sdf=0)
# KERNEL: ASDB file was created in location F:\uni\CAD\HW3\hw3\q1\src\wave.asdb
#  5:19 PM, Monday, May 13, 2024
#  Simulation has been initialized
# Waveform file 'untitled.awc' connected to 'F:/uni/CAD/HW3/hw3/q1/src/wave.asdb'.
acom -dbg -e 100 -work q1 -2002  $dsn/src/binaryConverter.vhd
# File: F:/uni/CAD/HW3/hw3/q1/src/binaryConverter.vhd
# Compile Entity "binary_to_unary"
# Compile Architecture "Behavioral" of Entity "binary_to_unary"
# Compile success 0 Errors 0 Warnings  Analysis time :  62.0 [ms]
# VSIM: 5 object(s) traced.
run 1000 ns
# KERNEL: WARNING: NUMERIC_STD.TO_INTEGER: metavalue detected, returning 0
# KERNEL: Time: 0 ps,  Iteration: 0,  Instance: /tb_binary_to_unary/dut,  Process: line__27.
# KERNEL: stopped at time: 1 us
endsim
# VSIM: Simulation has finished.
asim -O5 +access +r +m+tb_binary_to_unary tb_binary_to_unary tb
# ELBREAD: Elaboration process.
# ELBREAD: Elaboration time 0.0 [s].
# VSIM: Stack memory: 32MB
# VSIM: Retval memory: 32MB
acom -dbg -e 100 -work q1 -2002  $dsn/src/binaryConverter.vhd
# File: F:/uni/CAD/HW3/hw3/q1/src/binaryConverter.vhd
# Compile Entity "binary_to_unary"
# Compile Architecture "Behavioral" of Entity "binary_to_unary"
# Compile success 0 Errors 0 Warnings  Analysis time :  47.0 [ms]
# ELBREAD: Elaboration process.
# ELBREAD: Elaboration time 0.0 [s].
# KERNEL: Main thread initiated.
# KERNEL: Kernel process initialization phase.
# ELAB2: Elaboration final pass...
# ELAB2: Create instances ...
# KERNEL: Time resolution set to 1ps.
# ELAB2: Create instances complete.
# SLP: Started
# SLP: Elaboration phase ...
# SLP: Elaboration phase ... skipped, nothing to simulate in SLP mode : 0.0 [s]
# SLP: Finished : 0.0 [s]
# ELAB2: Elaboration final pass complete - time: 0.0 [s].
# KERNEL: Kernel process initialization done.
# Allocation: Simulator allocated 6467 kB (elbread=427 elab2=5899 kernel=140 sdf=0)
# KERNEL: ASDB file was created in location F:\uni\CAD\HW3\hw3\q1\src\wave.asdb
#  5:21 PM, Monday, May 13, 2024
#  Simulation has been initialized
# Waveform file 'untitled.awc' connected to 'F:/uni/CAD/HW3/hw3/q1/src/wave.asdb'.
run 1000 ns
# KERNEL: WARNING: NUMERIC_STD.TO_INTEGER: metavalue detected, returning 0
# KERNEL: Time: 0 ps,  Iteration: 0,  Instance: /tb_binary_to_unary/dut,  Process: line__27.
# KERNEL: stopped at time: 1 us
# VSIM: 5 object(s) traced.
endsim
# VSIM: Simulation has finished.
asim -O5 +access +r +m+tb_binary_to_unary tb_binary_to_unary tb
# ELBREAD: Elaboration process.
# ELBREAD: Elaboration time 0.0 [s].
# VSIM: Stack memory: 32MB
# VSIM: Retval memory: 32MB
# KERNEL: Main thread initiated.
# KERNEL: Kernel process initialization phase.
# ELAB2: Elaboration final pass...
# ELAB2: Create instances ...
# KERNEL: Time resolution set to 1ps.
# ELAB2: Create instances complete.
# SLP: Started
# SLP: Elaboration phase ...
# SLP: Elaboration phase ... skipped, nothing to simulate in SLP mode : 0.0 [s]
# SLP: Finished : 0.0 [s]
# ELAB2: Elaboration final pass complete - time: 0.0 [s].
# KERNEL: Kernel process initialization done.
# Allocation: Simulator allocated 6467 kB (elbread=427 elab2=5899 kernel=140 sdf=0)
# KERNEL: ASDB file was created in location F:\uni\CAD\HW3\hw3\q1\src\wave.asdb
#  5:21 PM, Monday, May 13, 2024
#  Simulation has been initialized
# Waveform file 'untitled.awc' connected to 'F:/uni/CAD/HW3/hw3/q1/src/wave.asdb'.
run
# KERNEL: WARNING: NUMERIC_STD.TO_INTEGER: metavalue detected, returning 0
# KERNEL: Time: 0 ps,  Iteration: 0,  Instance: /tb_binary_to_unary/dut,  Process: line__27.
# KERNEL: Simulation has finished. There are no more test vectors to simulate.
endsim
# VSIM: Simulation has finished.
# Warning: WAVEFORM: Object matching /tb_binary_to_unary/binary not found in F:/uni/CAD/HW3/hw3/q1/src/wave.asdb.
# Warning: WAVEFORM: Object matching /tb_binary_to_unary/unary not found in F:/uni/CAD/HW3/hw3/q1/src/wave.asdb.
# Warning: WAVEFORM: Object matching /tb_binary_to_unary/TbClock not found in F:/uni/CAD/HW3/hw3/q1/src/wave.asdb.
# Warning: WAVEFORM: Object matching /tb_binary_to_unary/TbSimEnded not found in F:/uni/CAD/HW3/hw3/q1/src/wave.asdb.
# Warning: WAVEFORM: Object matching /tb_binary_to_unary/TbPeriod not found in F:/uni/CAD/HW3/hw3/q1/src/wave.asdb.
asim -O5 +access +r +m+tb_binary_to_unary tb_binary_to_unary tb
# ELBREAD: Elaboration process.
# ELBREAD: Elaboration time 0.0 [s].
# VSIM: Stack memory: 32MB
# VSIM: Retval memory: 32MB
# KERNEL: Main thread initiated.
# KERNEL: Kernel process initialization phase.
# ELAB2: Elaboration final pass...
# ELAB2: Create instances ...
# KERNEL: Time resolution set to 1ps.
# ELAB2: Create instances complete.
# SLP: Started
# SLP: Elaboration phase ...
# SLP: Elaboration phase ... skipped, nothing to simulate in SLP mode : 0.0 [s]
# SLP: Finished : 0.0 [s]
# ELAB2: Elaboration final pass complete - time: 0.0 [s].
# KERNEL: Kernel process initialization done.
# Allocation: Simulator allocated 6467 kB (elbread=427 elab2=5899 kernel=140 sdf=0)
# KERNEL: ASDB file was created in location F:\uni\CAD\HW3\hw3\q1\src\wave.asdb
#  5:21 PM, Monday, May 13, 2024
#  Simulation has been initialized
# Waveform file 'untitled.awc' connected to 'F:/uni/CAD/HW3/hw3/q1/src/wave.asdb'.
# VSIM: 5 object(s) traced.
run 1000 ns
# KERNEL: WARNING: NUMERIC_STD.TO_INTEGER: metavalue detected, returning 0
# KERNEL: Time: 0 ps,  Iteration: 0,  Instance: /tb_binary_to_unary/dut,  Process: line__27.
# KERNEL: stopped at time: 1 us
acom -dbg -e 100 -work q1 -2002  $dsn/src/binaryConverter.vhd $dsn/src/TestBench/binary_to_unary_TB.vhd
# File: F:/uni/CAD/HW3/hw3/q1/src/binaryConverter.vhd
# Compile Entity "binary_to_unary"
# Compile Architecture "Behavioral" of Entity "binary_to_unary"
# File: F:/uni/CAD/HW3/hw3/q1/src/TestBench/binary_to_unary_TB.vhd
# Compile Entity "tb_binary_to_unary"
# Compile Architecture "tb" of Entity "tb_binary_to_unary"
# Compile Configuration "cfg_tb_binary_to_unary"
# Compile success 0 Errors 0 Warnings  Analysis time :  0.1 [s]
endsim
# VSIM: Simulation has finished.
acom -dbg -e 100 -work q1 -2002  $dsn/src/binaryConverter.vhd $dsn/src/TestBench/binary_to_unary_TB.vhd
# File: F:/uni/CAD/HW3/hw3/q1/src/binaryConverter.vhd
# Compile Entity "binary_to_unary"
# Compile Architecture "Behavioral" of Entity "binary_to_unary"
# File: F:/uni/CAD/HW3/hw3/q1/src/TestBench/binary_to_unary_TB.vhd
# Compile Entity "tb_binary_to_unary"
# Compile Architecture "tb" of Entity "tb_binary_to_unary"
# Compile Configuration "cfg_tb_binary_to_unary"
# Compile success 0 Errors 0 Warnings  Analysis time :  78.0 [ms]
asim -O5 +access +r +m+tb_binary_to_unary tb_binary_to_unary tb
# ELBREAD: Elaboration process.
# ELBREAD: Elaboration time 0.0 [s].
# VSIM: Stack memory: 32MB
# VSIM: Retval memory: 32MB
# KERNEL: Main thread initiated.
# KERNEL: Kernel process initialization phase.
# ELAB2: Elaboration final pass...
# ELAB2: Create instances ...
# KERNEL: Time resolution set to 1ps.
# ELAB2: Create instances complete.
# SLP: Started
# SLP: Elaboration phase ...
# SLP: Elaboration phase ... skipped, nothing to simulate in SLP mode : 0.0 [s]
# SLP: Finished : 0.0 [s]
# ELAB2: Elaboration final pass complete - time: 0.0 [s].
# KERNEL: Kernel process initialization done.
# Allocation: Simulator allocated 5442 kB (elbread=427 elab2=4875 kernel=140 sdf=0)
# KERNEL: ASDB file was created in location F:\uni\CAD\HW3\hw3\q1\src\wave.asdb
#  5:22 PM, Monday, May 13, 2024
#  Simulation has been initialized
# Waveform file 'untitled.awc' connected to 'F:/uni/CAD/HW3/hw3/q1/src/wave.asdb'.
# VSIM: 5 object(s) traced.
run 1000 ns
# KERNEL: WARNING: NUMERIC_STD.TO_INTEGER: metavalue detected, returning 0
# KERNEL: Time: 0 ps,  Iteration: 0,  Instance: /tb_binary_to_unary/dut,  Process: line__27.
# KERNEL: stopped at time: 1 us
endsim
# VSIM: Simulation has finished.
asim -O5 +access +r +m+tb_binary_to_unary tb_binary_to_unary tb
# ELBREAD: Elaboration process.
# ELBREAD: Elaboration time 0.0 [s].
# VSIM: Stack memory: 32MB
# VSIM: Retval memory: 32MB
acom -dbg -e 100 -work q1 -2002  $dsn/src/binaryConverter.vhd
# File: F:/uni/CAD/HW3/hw3/q1/src/binaryConverter.vhd
# Compile Entity "binary_to_unary"
# Compile Architecture "Behavioral" of Entity "binary_to_unary"
# Error: COMP96_0305: binaryConverter.vhd : (29, 17): Cannot find function "to_integer" for these actuals.
# Error: COMP96_0077: binaryConverter.vhd : (29, 17): Undefined type of expression. Expected type 'INTEGER'.
# Compile failure 2 Errors 0 Warnings  Analysis time :  16.0 [ms]
# ELBREAD: Elaboration process.
# ELBREAD: Elaboration time 0.0 [s].
# KERNEL: Main thread initiated.
# KERNEL: Kernel process initialization phase.
# ELAB2: Elaboration final pass...
# ELAB2: Create instances ...
# KERNEL: Time resolution set to 1ps.
# ELAB2: Create instances complete.
# SLP: Started
# SLP: Elaboration phase ...
# SLP: Elaboration phase ... skipped, nothing to simulate in SLP mode : 0.0 [s]
# SLP: Finished : 0.0 [s]
# ELAB2: Elaboration final pass complete - time: 0.0 [s].
# KERNEL: Kernel process initialization done.
# Allocation: Simulator allocated 5442 kB (elbread=427 elab2=4875 kernel=140 sdf=0)
# KERNEL: ASDB file was created in location F:\uni\CAD\HW3\hw3\q1\src\wave.asdb
#  5:30 PM, Monday, May 13, 2024
#  Simulation has been initialized
# Waveform file 'untitled.awc' connected to 'F:/uni/CAD/HW3/hw3/q1/src/wave.asdb'.
acom -dbg -e 100 -work q1 -2002  $dsn/src/TestBench/binary_to_unary_TB.vhd
# File: F:/uni/CAD/HW3/hw3/q1/src/TestBench/binary_to_unary_TB.vhd
# Compile Entity "tb_binary_to_unary"
# Compile Architecture "tb" of Entity "tb_binary_to_unary"
# Compile Configuration "cfg_tb_binary_to_unary"
# Compile success 0 Errors 0 Warnings  Analysis time :  63.0 [ms]
endsim
# VSIM: Simulation has finished.
asim -O5 +access +r +m+tb_binary_to_unary tb_binary_to_unary tb
# ELBREAD: Elaboration process.
# ELBREAD: Elaboration time 0.0 [s].
# VSIM: Stack memory: 32MB
# VSIM: Retval memory: 32MB
acom -dbg -e 100 -work q1 -2002  $dsn/src/binaryConverter.vhd
# File: F:/uni/CAD/HW3/hw3/q1/src/binaryConverter.vhd
# Compile Entity "binary_to_unary"
# Compile Architecture "Behavioral" of Entity "binary_to_unary"
# Error: COMP96_0305: binaryConverter.vhd : (29, 17): Cannot find function "to_integer" for these actuals.
# Error: COMP96_0077: binaryConverter.vhd : (29, 17): Undefined type of expression. Expected type 'INTEGER'.
# Compile failure 2 Errors 0 Warnings  Analysis time :  16.0 [ms]
# ELBREAD: Elaboration process.
# ELBREAD: Elaboration time 0.0 [s].
# KERNEL: Main thread initiated.
# KERNEL: Kernel process initialization phase.
# ELAB2: Elaboration final pass...
# ELAB2: Create instances ...
# KERNEL: Time resolution set to 1ps.
# ELAB2: Create instances complete.
# SLP: Started
# SLP: Elaboration phase ...
# SLP: Elaboration phase ... skipped, nothing to simulate in SLP mode : 0.0 [s]
# SLP: Finished : 0.0 [s]
# ELAB2: Elaboration final pass complete - time: 0.0 [s].
# KERNEL: Kernel process initialization done.
# Allocation: Simulator allocated 5442 kB (elbread=427 elab2=4875 kernel=140 sdf=0)
# KERNEL: ASDB file was created in location F:\uni\CAD\HW3\hw3\q1\src\wave.asdb
#  5:30 PM, Monday, May 13, 2024
#  Simulation has been initialized
# Waveform file 'untitled.awc' connected to 'F:/uni/CAD/HW3/hw3/q1/src/wave.asdb'.
acom -dbg -e 100 -work q1 -2002  $dsn/src/binaryConverter.vhd
# File: F:/uni/CAD/HW3/hw3/q1/src/binaryConverter.vhd
# Compile Entity "binary_to_unary"
# Compile Architecture "Behavioral" of Entity "binary_to_unary"
# Error: COMP96_0305: binaryConverter.vhd : (29, 17): Cannot find function "to_integer" for these actuals.
# Error: COMP96_0077: binaryConverter.vhd : (29, 17): Undefined type of expression. Expected type 'INTEGER'.
# Compile failure 2 Errors 0 Warnings  Analysis time :  16.0 [ms]
endsim
# VSIM: Simulation has finished.
acom -dbg -e 100 -work q1 -2002  $dsn/src/binaryConverter.vhd
# File: F:/uni/CAD/HW3/hw3/q1/src/binaryConverter.vhd
# Compile Entity "binary_to_unary"
# Compile Architecture "Behavioral" of Entity "binary_to_unary"
# Compile success 0 Errors 0 Warnings  Analysis time :  32.0 [ms]
asim -O5 +access +r +m+tb_binary_to_unary tb_binary_to_unary tb
# ELBREAD: Elaboration process.
# ELBREAD: Elaboration time 0.0 [s].
# VSIM: Stack memory: 32MB
# VSIM: Retval memory: 32MB
# KERNEL: Main thread initiated.
# KERNEL: Kernel process initialization phase.
# ELAB2: Elaboration final pass...
# ELAB2: Create instances ...
# KERNEL: Time resolution set to 1ps.
# ELAB2: Create instances complete.
# SLP: Started
# SLP: Elaboration phase ...
# SLP: Elaboration phase ... skipped, nothing to simulate in SLP mode : 0.0 [s]
# SLP: Finished : 0.0 [s]
# ELAB2: Elaboration final pass complete - time: 0.0 [s].
# KERNEL: Kernel process initialization done.
# Allocation: Simulator allocated 5442 kB (elbread=427 elab2=4875 kernel=140 sdf=0)
# KERNEL: ASDB file was created in location F:\uni\CAD\HW3\hw3\q1\src\wave.asdb
#  5:31 PM, Monday, May 13, 2024
#  Simulation has been initialized
# Waveform file 'untitled.awc' connected to 'F:/uni/CAD/HW3/hw3/q1/src/wave.asdb'.
# VSIM: 5 object(s) traced.
run 1000 ns
# KERNEL: WARNING: NUMERIC_STD.TO_INTEGER: metavalue detected, returning 0
# KERNEL: Time: 0 ps,  Iteration: 0,  Instance: /tb_binary_to_unary/dut,  Process: line__27.
# KERNEL: stopped at time: 1 us
endsim
# VSIM: Simulation has finished.
asim -O5 +access +r +m+tb_binary_to_unary tb_binary_to_unary tb
# ELBREAD: Elaboration process.
# ELBREAD: Elaboration time 0.0 [s].
# VSIM: Stack memory: 32MB
# VSIM: Retval memory: 32MB
acom -dbg -e 100 -work q1 -2002  $dsn/src/binaryConverter.vhd
# File: F:/uni/CAD/HW3/hw3/q1/src/binaryConverter.vhd
# Compile Entity "binary_to_unary"
# Compile Architecture "Behavioral" of Entity "binary_to_unary"
# Compile success 0 Errors 0 Warnings  Analysis time :  78.0 [ms]
# ELBREAD: Elaboration process.
# ELBREAD: Elaboration time 0.0 [s].
# KERNEL: Main thread initiated.
# KERNEL: Kernel process initialization phase.
# ELAB2: Elaboration final pass...
# ELAB2: Create instances ...
# KERNEL: Time resolution set to 1ps.
# ELAB2: Create instances complete.
# SLP: Started
# SLP: Elaboration phase ...
# SLP: Elaboration phase ... skipped, nothing to simulate in SLP mode : 0.0 [s]
# SLP: Finished : 0.0 [s]
# ELAB2: Elaboration final pass complete - time: 0.0 [s].
# KERNEL: Kernel process initialization done.
# Allocation: Simulator allocated 5442 kB (elbread=427 elab2=4875 kernel=140 sdf=0)
# KERNEL: ASDB file was created in location F:\uni\CAD\HW3\hw3\q1\src\wave.asdb
#  5:33 PM, Monday, May 13, 2024
#  Simulation has been initialized
# Waveform file 'untitled.awc' connected to 'F:/uni/CAD/HW3/hw3/q1/src/wave.asdb'.
# VSIM: 5 object(s) traced.
run 1000 ns
# KERNEL: stopped at time: 1 us
acom -dbg -e 100 -work q1 -2002  $dsn/src/binaryConverter.vhd
# File: F:/uni/CAD/HW3/hw3/q1/src/binaryConverter.vhd
# Compile Entity "binary_to_unary"
# Compile Architecture "Behavioral" of Entity "binary_to_unary"
# Error: COMP96_0019: binaryConverter.vhd : (29, 3): Keyword 'end' expected.
# Error: COMP96_0047: binaryConverter.vhd : (30, 3): Concurrent statement or ':' expected.
# Error: COMP96_0047: binaryConverter.vhd : (31, 3): Concurrent statement or ':' expected.
# Error: COMP96_0047: binaryConverter.vhd : (32, 6): Concurrent statement or ':' expected.
# Error: COMP96_0047: binaryConverter.vhd : (33, 6): Concurrent statement or ':' expected.
# Error: COMP96_0329: binaryConverter.vhd : (35, 3): Generate statement must have a label.
# Error: COMP96_0019: binaryConverter.vhd : (35, 19): Keyword 'generate' expected.
# Error: COMP96_0015: binaryConverter.vhd : (38, 9): ';' expected.
# Error: COMP96_0016: binaryConverter.vhd : (38, 11): Design unit declaration expected.
# Error: COMP96_0019: binaryConverter.vhd : (42, 28): Keyword 'of' expected.
# Error: COMP96_0018: binaryConverter.vhd : (42, 28): Identifier expected.
# Compile failure 11 Errors 0 Warnings  Analysis time :  31.0 [ms]
acom -dbg -e 100 -work q1 -2002  $dsn/src/binaryConverter.vhd
# File: F:/uni/CAD/HW3/hw3/q1/src/binaryConverter.vhd
# Compile Entity "binary_to_unary"
# Compile Architecture "Behavioral" of Entity "binary_to_unary"
# Error: COMP96_0019: binaryConverter.vhd : (29, 3): Keyword 'end' expected.
# Error: COMP96_0047: binaryConverter.vhd : (30, 3): Concurrent statement or ':' expected.
# Error: COMP96_0047: binaryConverter.vhd : (31, 3): Concurrent statement or ':' expected.
# Error: COMP96_0047: binaryConverter.vhd : (32, 6): Concurrent statement or ':' expected.
# Error: COMP96_0047: binaryConverter.vhd : (33, 6): Concurrent statement or ':' expected.
# Error: COMP96_0329: binaryConverter.vhd : (35, 3): Generate statement must have a label.
# Error: COMP96_0019: binaryConverter.vhd : (35, 19): Keyword 'generate' expected.
# Error: COMP96_0015: binaryConverter.vhd : (38, 9): ';' expected.
# Error: COMP96_0016: binaryConverter.vhd : (38, 11): Design unit declaration expected.
# Error: COMP96_0019: binaryConverter.vhd : (42, 28): Keyword 'of' expected.
# Error: COMP96_0018: binaryConverter.vhd : (42, 28): Identifier expected.
# Compile failure 11 Errors 0 Warnings  Analysis time :  31.0 [ms]
acom -dbg -e 100 -work q1 -2002  $dsn/src/binaryConverter.vhd
# File: F:/uni/CAD/HW3/hw3/q1/src/binaryConverter.vhd
# Compile Entity "binary_to_unary"
# Compile Architecture "Behavioral" of Entity "binary_to_unary"
# Error: COMP96_0071: binaryConverter.vhd : (33, 50): Operator "*" is not defined for such operands.
# Error: COMP96_0077: binaryConverter.vhd : (33, 17): Undefined type of expression. Expected type 'INTEGER'.
# Error: COMP96_0071: binaryConverter.vhd : (34, 53): Operator "*" is not defined for such operands.
# Error: COMP96_0077: binaryConverter.vhd : (34, 20): Undefined type of expression. Expected type 'INTEGER'.
# Error: COMP96_0754: binaryConverter.vhd : (35, 33): Cannot find the operator denoted with the ""+"[INTEGER, STD_ULOGIC return INTEGER]" signature.
# Error: COMP96_0077: binaryConverter.vhd : (35, 20): Undefined type of expression. Expected type 'INTEGER'.
# Compile failure 6 Errors 0 Warnings  Analysis time :  16.0 [ms]
acom -dbg -e 100 -work q1 -2002  $dsn/src/binaryConverter.vhd
# File: F:/uni/CAD/HW3/hw3/q1/src/binaryConverter.vhd
# Compile Entity "binary_to_unary"
# Compile Architecture "Behavioral" of Entity "binary_to_unary"
# Error: COMP96_0071: binaryConverter.vhd : (37, 53): Operator "*" is not defined for such operands.
# Error: COMP96_0077: binaryConverter.vhd : (37, 20): Undefined type of expression. Expected type 'INTEGER'.
# Error: COMP96_0754: binaryConverter.vhd : (38, 33): Cannot find the operator denoted with the ""+"[INTEGER, STD_ULOGIC return INTEGER]" signature.
# Error: COMP96_0077: binaryConverter.vhd : (38, 20): Undefined type of expression. Expected type 'INTEGER'.
# Compile failure 4 Errors 0 Warnings  Analysis time :  16.0 [ms]
acom -dbg -e 100 -work q1 -2002  $dsn/src/binaryConverter.vhd $dsn/src/TestBench/binary_to_unary_TB.vhd
# File: F:/uni/CAD/HW3/hw3/q1/src/binaryConverter.vhd
# Compile Entity "binary_to_unary"
# Compile Architecture "Behavioral" of Entity "binary_to_unary"
# File: F:/uni/CAD/HW3/hw3/q1/src/TestBench/binary_to_unary_TB.vhd
# Compile Entity "tb_binary_to_unary"
# Compile Architecture "tb" of Entity "tb_binary_to_unary"
# Compile Configuration "cfg_tb_binary_to_unary"
# Compile success 0 Errors 0 Warnings  Analysis time :  0.1 [s]
endsim
# VSIM: Simulation has finished.
asim -O5 +access +r +m+tb_binary_to_unary tb_binary_to_unary tb
# ELBREAD: Elaboration process.
# ELBREAD: Elaboration time 0.0 [s].
# VSIM: Stack memory: 32MB
# VSIM: Retval memory: 32MB
# KERNEL: Main thread initiated.
# KERNEL: Kernel process initialization phase.
# ELAB2: Elaboration final pass...
# ELAB2: Create instances ...
# KERNEL: Time resolution set to 1ps.
# ELAB2: Create instances complete.
# SLP: Started
# SLP: Elaboration phase ...
# SLP: Elaboration phase ... skipped, nothing to simulate in SLP mode : 0.0 [s]
# SLP: Finished : 0.0 [s]
# ELAB2: Elaboration final pass complete - time: 0.0 [s].
# KERNEL: Kernel process initialization done.
# Allocation: Simulator allocated 5444 kB (elbread=427 elab2=4876 kernel=140 sdf=0)
# KERNEL: ASDB file was created in location F:\uni\CAD\HW3\hw3\q1\src\wave.asdb
#  5:45 PM, Monday, May 13, 2024
#  Simulation has been initialized
# Waveform file 'untitled.awc' connected to 'F:/uni/CAD/HW3/hw3/q1/src/wave.asdb'.
# VSIM: 5 object(s) traced.
run 1000 ns
# KERNEL: stopped at time: 1 us
# Waveform file 'F:/uni/CAD/HW3/hw3/q1/src/test1.awc' connected to 'F:/uni/CAD/HW3/hw3/q1/src/test1.asdb'.
# Adding file F:\uni\CAD\HW3\hw3\q1\src\test1.asdb ... Done
# Adding file F:\uni\CAD\HW3\hw3\q1\src\test1.awc ... Done
endsim
# VSIM: Simulation has finished.
# Design: 5:51 PM, Monday, May 13, 2024
# Design: Opening design "F:\uni\CAD\HW3\hw3\q2\q2.adf"
# ELBREAD: Elaboration process.
# ELBREAD: Elaboration time 0.0 [s].
# Design: Design "q2" has been set as active.
