Active-HDL 13.0.375.8320 2024-04-26 20:01:48

Elaboration top modules:
Architecture                  tb(tb_stack)


---------------------------------------------------------------------------------------------
Entity   | Architecture   | Library | Info | Compiler Version          | Compilation Options
---------------------------------------------------------------------------------------------
tb_stack | tb             | stack   |      | 13.0.375.8320 (Windows64) | -dbg
stack    | stack_behavior | stack   |      | 13.0.375.8320 (Windows64) | -dbg
---------------------------------------------------------------------------------------------

---------------------------------------------------------------------------------------------
VHDL Package              | Library | Info | Compiler Version          | Compilation Options
---------------------------------------------------------------------------------------------
standard                  | std     |      |                           | <unavailable>
TEXTIO                    | std     |      | 13.0.375.8320 (Windows64) |  -2019
std_logic_1164            | ieee    |      | 13.0.375.8320 (Windows64) |  -2008
NUMERIC_STD               | ieee    |      | 13.0.375.8320 (Windows64) |  -2008
---------------------------------------------------------------------------------------------

---------------------------------------------------------------------------------------------
Library                   | Comment
---------------------------------------------------------------------------------------------
ieee                      | Standard IEEE packages library
stack                     | None
std                       | Standard VHDL library
---------------------------------------------------------------------------------------------
