# ELBREAD: Elaboration process.
# ELBREAD: Elaboration time 0.0 [s].
acom -dbg -e 100 -work traffic_light -2002  $dsn/src/traffic_light.vhd
# File: F:/uni/CAD/HW2/q6/traffic_light/src/traffic_light.vhd
# Compile Entity "traffic_light"
# Compile Architecture "behavior" of Entity "traffic_light"
# Compile success 0 Errors 0 Warnings  Analysis time :  78.0 [ms]
acom -reorder -dbg -e 100 -work traffic_light -2002  $dsn/src/traffic_light.vhd $dsn/src/TestBench/traffic_light_TB.vhd
# File: F:/uni/CAD/HW2/q6/traffic_light/src/traffic_light.vhd
# Compile Entity "traffic_light"
# Compile Architecture "behavior" of Entity "traffic_light"
# File: F:/uni/CAD/HW2/q6/traffic_light/src/TestBench/traffic_light_TB.vhd
# Compile Entity "tb_traffic_light"
# Compile Architecture "tb" of Entity "tb_traffic_light"
# Compile Configuration "cfg_tb_traffic_light"
# Top-level unit(s) detected:
# Configuration => cfg_tb_traffic_light
# Compile success 0 Errors 0 Warnings  Analysis time :  0.1 [s]
asim -O5 +access +r +m+tb_traffic_light tb_traffic_light tb
# ELBREAD: Elaboration process.
# ELBREAD: Elaboration time 0.0 [s].
# VSIM: Stack memory: 32MB
# VSIM: Retval memory: 32MB
# KERNEL: Main thread initiated.
# KERNEL: Kernel process initialization phase.
# ELAB2: Elaboration final pass...
# ELAB2: Create instances ...
# KERNEL: Time resolution set to 1ps.
# ELAB2: Create instances complete.
# SLP: Started
# SLP: Elaboration phase ...
# SLP: Elaboration phase ... skipped, nothing to simulate in SLP mode : 0.0 [s]
# SLP: Finished : 0.0 [s]
# ELAB2: Elaboration final pass complete - time: 0.1 [s].
# KERNEL: Kernel process initialization done.
# Allocation: Simulator allocated 6472 kB (elbread=427 elab2=5903 kernel=141 sdf=0)
# KERNEL: ASDB file was created in location F:\uni\CAD\HW2\q6\traffic_light\src\wave.asdb
#  7:06 PM, Friday, April 26, 2024
#  Simulation has been initialized
# VSIM: 7 object(s) traced.
# Waveform file 'untitled.awc' connected to 'F:/uni/CAD/HW2/q6/traffic_light/src/wave.asdb'.
run 1000 ns
# KERNEL: stopped at time: 1 us
run 1000 ns
# KERNEL: WARNING: NUMERIC_STD.TO_UNSIGNED: vector truncated
# KERNEL: Time: 1650 ns,  Iteration: 2,  Instance: /tb_traffic_light/dut,  Process: line__328.
# KERNEL: WARNING: NUMERIC_STD.TO_UNSIGNED: vector truncated
# KERNEL: Time: 1750 ns,  Iteration: 2,  Instance: /tb_traffic_light/dut,  Process: line__328.
# KERNEL: WARNING: NUMERIC_STD.TO_UNSIGNED: vector truncated
# KERNEL: Time: 1850 ns,  Iteration: 2,  Instance: /tb_traffic_light/dut,  Process: line__328.
# KERNEL: WARNING: NUMERIC_STD.TO_UNSIGNED: vector truncated
# KERNEL: Time: 1950 ns,  Iteration: 2,  Instance: /tb_traffic_light/dut,  Process: line__328.
# KERNEL: stopped at time: 2 us
run 1000 ns
# KERNEL: WARNING: NUMERIC_STD.TO_UNSIGNED: vector truncated
# KERNEL: Time: 2050 ns,  Iteration: 2,  Instance: /tb_traffic_light/dut,  Process: line__328.
# KERNEL: WARNING: NUMERIC_STD.TO_UNSIGNED: vector truncated
# KERNEL: Time: 2150 ns,  Iteration: 2,  Instance: /tb_traffic_light/dut,  Process: line__328.
# KERNEL: WARNING: NUMERIC_STD.TO_UNSIGNED: vector truncated
# KERNEL: Time: 2250 ns,  Iteration: 2,  Instance: /tb_traffic_light/dut,  Process: line__328.
# KERNEL: WARNING: NUMERIC_STD.TO_UNSIGNED: vector truncated
# KERNEL: Time: 2350 ns,  Iteration: 2,  Instance: /tb_traffic_light/dut,  Process: line__328.
# KERNEL: WARNING: NUMERIC_STD.TO_UNSIGNED: vector truncated
# KERNEL: Time: 2450 ns,  Iteration: 2,  Instance: /tb_traffic_light/dut,  Process: line__328.
# KERNEL: WARNING: NUMERIC_STD.TO_UNSIGNED: vector truncated
# KERNEL: Time: 2550 ns,  Iteration: 2,  Instance: /tb_traffic_light/dut,  Process: line__328.
# KERNEL: WARNING: NUMERIC_STD.TO_UNSIGNED: vector truncated
# KERNEL: Time: 2650 ns,  Iteration: 2,  Instance: /tb_traffic_light/dut,  Process: line__328.
# KERNEL: WARNING: NUMERIC_STD.TO_UNSIGNED: vector truncated
# KERNEL: Time: 2750 ns,  Iteration: 2,  Instance: /tb_traffic_light/dut,  Process: line__328.
# KERNEL: WARNING: NUMERIC_STD.TO_UNSIGNED: vector truncated
# KERNEL: Time: 2850 ns,  Iteration: 2,  Instance: /tb_traffic_light/dut,  Process: line__328.
# KERNEL: WARNING: NUMERIC_STD.TO_UNSIGNED: vector truncated
# KERNEL: Time: 2950 ns,  Iteration: 2,  Instance: /tb_traffic_light/dut,  Process: line__328.
# KERNEL: stopped at time: 3 us
run 1000 ns
# KERNEL: stopped at time: 4 us
acom -reorder -dbg -e 100 -work traffic_light -2002  $dsn/src/traffic_light.vhd $dsn/src/TestBench/traffic_light_TB.vhd
# File: F:/uni/CAD/HW2/q6/traffic_light/src/traffic_light.vhd
# Compile Entity "traffic_light"
# Compile Architecture "behavior" of Entity "traffic_light"
# File: F:/uni/CAD/HW2/q6/traffic_light/src/TestBench/traffic_light_TB.vhd
# Compile Entity "tb_traffic_light"
# Compile Architecture "tb" of Entity "tb_traffic_light"
# Compile Configuration "cfg_tb_traffic_light"
# Incorrect order of units detected.
# Automatic reorder and incremental recompilation of required units in progress.
# Top-level unit(s) detected:
# Configuration => cfg_tb_traffic_light
# File: F:/uni/CAD/HW2/q6/traffic_light/src/traffic_light.vhd
# Compile Architecture "behavior" of Entity "traffic_light"
# Error: COMP96_0078: traffic_light.vhd : (302, 36): Unknown identifier "coutner".
# Error: COMP96_0133: traffic_light.vhd : (302, 36): Cannot find object declaration.
# Error: COMP96_0077: traffic_light.vhd : (302, 24): Undefined type of expression. Expected type 'INTEGER'.
# Error: COMP96_0078: traffic_light.vhd : (308, 50): Unknown identifier "coutner".
# Error: COMP96_0133: traffic_light.vhd : (308, 50): Cannot find object declaration.
# Error: COMP96_0077: traffic_light.vhd : (308, 24): Undefined type of expression. Expected type 'INTEGER'.
# Error: COMP96_0078: traffic_light.vhd : (313, 61): Unknown identifier "coutner".
# Error: COMP96_0133: traffic_light.vhd : (313, 61): Cannot find object declaration.
# Error: COMP96_0077: traffic_light.vhd : (313, 24): Undefined type of expression. Expected type 'INTEGER'.
# Error: COMP96_0078: traffic_light.vhd : (333, 45): Unknown identifier "light_counter".
# Error: COMP96_0133: traffic_light.vhd : (333, 45): Cannot find object declaration.
# Compile failure 11 Errors 0 Warnings  Analysis time :  0.2 [s]
acom -dbg -e 100 -work traffic_light -2002  $dsn/src/traffic_light.vhd
# File: F:/uni/CAD/HW2/q6/traffic_light/src/traffic_light.vhd
# Compile Entity "traffic_light"
# Compile Architecture "behavior" of Entity "traffic_light"
# Error: COMP96_0078: traffic_light.vhd : (302, 37): Unknown identifier "coutner".
# Error: COMP96_0133: traffic_light.vhd : (302, 37): Cannot find object declaration.
# Error: COMP96_0077: traffic_light.vhd : (302, 24): Undefined type of expression. Expected type 'INTEGER'.
# Error: COMP96_0078: traffic_light.vhd : (308, 50): Unknown identifier "coutner".
# Error: COMP96_0133: traffic_light.vhd : (308, 50): Cannot find object declaration.
# Error: COMP96_0077: traffic_light.vhd : (308, 24): Undefined type of expression. Expected type 'INTEGER'.
# Error: COMP96_0078: traffic_light.vhd : (313, 61): Unknown identifier "coutner".
# Error: COMP96_0133: traffic_light.vhd : (313, 61): Cannot find object declaration.
# Error: COMP96_0077: traffic_light.vhd : (313, 24): Undefined type of expression. Expected type 'INTEGER'.
# Error: COMP96_0078: traffic_light.vhd : (333, 45): Unknown identifier "light_counter".
# Error: COMP96_0133: traffic_light.vhd : (333, 45): Cannot find object declaration.
# Compile failure 11 Errors 0 Warnings  Analysis time :  32.0 [ms]
acom -dbg -e 100 -work traffic_light -2002  $dsn/src/traffic_light.vhd
# File: F:/uni/CAD/HW2/q6/traffic_light/src/traffic_light.vhd
# Compile Entity "traffic_light"
# Compile Architecture "behavior" of Entity "traffic_light"
# Error: COMP96_0078: traffic_light.vhd : (302, 37): Unknown identifier "coutner".
# Error: COMP96_0133: traffic_light.vhd : (302, 37): Cannot find object declaration.
# Error: COMP96_0077: traffic_light.vhd : (302, 24): Undefined type of expression. Expected type 'INTEGER'.
# Error: COMP96_0078: traffic_light.vhd : (308, 50): Unknown identifier "coutner".
# Error: COMP96_0133: traffic_light.vhd : (308, 50): Cannot find object declaration.
# Error: COMP96_0077: traffic_light.vhd : (308, 24): Undefined type of expression. Expected type 'INTEGER'.
# Error: COMP96_0078: traffic_light.vhd : (313, 61): Unknown identifier "coutner".
# Error: COMP96_0133: traffic_light.vhd : (313, 61): Cannot find object declaration.
# Error: COMP96_0077: traffic_light.vhd : (313, 24): Undefined type of expression. Expected type 'INTEGER'.
# Error: COMP96_0078: traffic_light.vhd : (333, 45): Unknown identifier "light_counter".
# Error: COMP96_0133: traffic_light.vhd : (333, 45): Cannot find object declaration.
# Compile failure 11 Errors 0 Warnings  Analysis time :  16.0 [ms]
acom -dbg -e 100 -work traffic_light -2002  $dsn/src/traffic_light.vhd
# File: F:/uni/CAD/HW2/q6/traffic_light/src/traffic_light.vhd
# Compile Entity "traffic_light"
# Compile Architecture "behavior" of Entity "traffic_light"
# Error: COMP96_0078: traffic_light.vhd : (333, 45): Unknown identifier "light_counter".
# Error: COMP96_0133: traffic_light.vhd : (333, 45): Cannot find object declaration.
# Compile failure 2 Errors 0 Warnings  Analysis time :  16.0 [ms]
acom -dbg -e 100 -work traffic_light -2002  $dsn/src/traffic_light.vhd
# File: F:/uni/CAD/HW2/q6/traffic_light/src/traffic_light.vhd
# Compile Entity "traffic_light"
# Compile Architecture "behavior" of Entity "traffic_light"
# Error: COMP96_0078: traffic_light.vhd : (333, 45): Unknown identifier "light_counter".
# Error: COMP96_0133: traffic_light.vhd : (333, 45): Cannot find object declaration.
# Compile failure 2 Errors 0 Warnings  Analysis time :  16.0 [ms]
acom -dbg -e 100 -work traffic_light -2002  $dsn/src/traffic_light.vhd
# File: F:/uni/CAD/HW2/q6/traffic_light/src/traffic_light.vhd
# Compile Entity "traffic_light"
# Compile Architecture "behavior" of Entity "traffic_light"
# Error: COMP96_0078: traffic_light.vhd : (333, 45): Unknown identifier "light_counter".
# Error: COMP96_0133: traffic_light.vhd : (333, 45): Cannot find object declaration.
# Compile failure 2 Errors 0 Warnings  Analysis time :  16.0 [ms]
acom -dbg -e 100 -work traffic_light -2002  $dsn/src/traffic_light.vhd
# File: F:/uni/CAD/HW2/q6/traffic_light/src/traffic_light.vhd
# Compile Entity "traffic_light"
# Compile Architecture "behavior" of Entity "traffic_light"
# Error: COMP96_0078: traffic_light.vhd : (302, 7): Unknown identifier "light_coutner".
# Error: COMP96_0133: traffic_light.vhd : (302, 7): Cannot find object declaration.
# Error: COMP96_0078: traffic_light.vhd : (308, 7): Unknown identifier "light_coutner".
# Error: COMP96_0133: traffic_light.vhd : (308, 7): Cannot find object declaration.
# Error: COMP96_0078: traffic_light.vhd : (313, 7): Unknown identifier "light_coutner".
# Error: COMP96_0133: traffic_light.vhd : (313, 7): Cannot find object declaration.
# Compile failure 6 Errors 0 Warnings  Analysis time :  16.0 [ms]
acom -dbg -e 100 -work traffic_light -2002  $dsn/src/traffic_light.vhd
# File: F:/uni/CAD/HW2/q6/traffic_light/src/traffic_light.vhd
# Compile Entity "traffic_light"
# Compile Architecture "behavior" of Entity "traffic_light"
# Error: COMP96_0078: traffic_light.vhd : (313, 7): Unknown identifier "light_coutner".
# Error: COMP96_0133: traffic_light.vhd : (313, 7): Cannot find object declaration.
# Compile failure 2 Errors 0 Warnings  Analysis time :  16.0 [ms]
acom -dbg -e 100 -work traffic_light -2002  $dsn/src/traffic_light.vhd
# File: F:/uni/CAD/HW2/q6/traffic_light/src/traffic_light.vhd
# Compile Entity "traffic_light"
# Compile Architecture "behavior" of Entity "traffic_light"
# Compile success 0 Errors 0 Warnings  Analysis time :  63.0 [ms]
acom -dbg -e 100 -work traffic_light -2002  $dsn/src/traffic_light.vhd
# File: F:/uni/CAD/HW2/q6/traffic_light/src/traffic_light.vhd
# Compile Entity "traffic_light"
# Compile Architecture "behavior" of Entity "traffic_light"
# Compile success 0 Errors 0 Warnings  Analysis time :  47.0 [ms]
endsim
# VSIM: Simulation has finished.
asim -O5 +access +r +m+tb_traffic_light tb_traffic_light tb
# ELBREAD: Elaboration process.
# ELBREAD: Elaboration time 0.0 [s].
# VSIM: Stack memory: 32MB
# VSIM: Retval memory: 32MB
# KERNEL: Main thread initiated.
# KERNEL: Kernel process initialization phase.
# ELAB2: Elaboration final pass...
# ELAB2: Create instances ...
# KERNEL: Time resolution set to 1ps.
# ELAB2: Create instances complete.
# SLP: Started
# SLP: Elaboration phase ...
# SLP: Elaboration phase ... skipped, nothing to simulate in SLP mode : 0.0 [s]
# SLP: Finished : 0.0 [s]
# ELAB2: Elaboration final pass complete - time: 0.0 [s].
# KERNEL: Kernel process initialization done.
# Allocation: Simulator allocated 6473 kB (elbread=427 elab2=5904 kernel=141 sdf=0)
# KERNEL: ASDB file was created in location F:\uni\CAD\HW2\q6\traffic_light\src\wave.asdb
#  7:15 PM, Friday, April 26, 2024
#  Simulation has been initialized
# Waveform file 'untitled.awc' connected to 'F:/uni/CAD/HW2/q6/traffic_light/src/wave.asdb'.
# VSIM: 7 object(s) traced.
run 1000 ns
# KERNEL: stopped at time: 1 us
run 1000 ns
# KERNEL: stopped at time: 2 us
run 1000 ns
# KERNEL: stopped at time: 3 us
run 1000 ns
# KERNEL: stopped at time: 4 us
acom -dbg -e 100 -work traffic_light -2002  $dsn/src/traffic_light.vhd
# File: F:/uni/CAD/HW2/q6/traffic_light/src/traffic_light.vhd
# Compile Entity "traffic_light"
# Compile Architecture "behavior" of Entity "traffic_light"
# Compile success 0 Errors 0 Warnings  Analysis time :  63.0 [ms]
acom -reorder -dbg -e 100 -work traffic_light -2002  $dsn/src/traffic_light.vhd $dsn/src/TestBench/traffic_light_TB.vhd
# File: F:/uni/CAD/HW2/q6/traffic_light/src/traffic_light.vhd
# Compile Entity "traffic_light"
# Compile Architecture "behavior" of Entity "traffic_light"
# File: F:/uni/CAD/HW2/q6/traffic_light/src/TestBench/traffic_light_TB.vhd
# Compile Entity "tb_traffic_light"
# Compile Architecture "tb" of Entity "tb_traffic_light"
# Compile Configuration "cfg_tb_traffic_light"
# Top-level unit(s) detected:
# Configuration => cfg_tb_traffic_light
# Compile success 0 Errors 0 Warnings  Analysis time :  0.1 [s]
endsim
# VSIM: Simulation has finished.
asim -O5 +access +r +m+tb_traffic_light tb_traffic_light tb
# ELBREAD: Elaboration process.
# ELBREAD: Elaboration time 0.0 [s].
# VSIM: Stack memory: 32MB
# VSIM: Retval memory: 32MB
# KERNEL: Main thread initiated.
# KERNEL: Kernel process initialization phase.
# ELAB2: Elaboration final pass...
# ELAB2: Create instances ...
# KERNEL: Time resolution set to 1ps.
# ELAB2: Create instances complete.
# SLP: Started
# SLP: Elaboration phase ...
# SLP: Elaboration phase ... skipped, nothing to simulate in SLP mode : 0.0 [s]
# SLP: Finished : 0.0 [s]
# ELAB2: Elaboration final pass complete - time: 0.0 [s].
# KERNEL: Kernel process initialization done.
# Allocation: Simulator allocated 6476 kB (elbread=427 elab2=5906 kernel=142 sdf=0)
# KERNEL: ASDB file was created in location F:\uni\CAD\HW2\q6\traffic_light\src\wave.asdb
#  7:18 PM, Friday, April 26, 2024
#  Simulation has been initialized
# Waveform file 'untitled.awc' connected to 'F:/uni/CAD/HW2/q6/traffic_light/src/wave.asdb'.
# VSIM: 7 object(s) traced.
run 1000 ns
# KERNEL: stopped at time: 1 us
run 1000 ns
# KERNEL: stopped at time: 2 us
run 1000 ns
# KERNEL: stopped at time: 3 us
acom -reorder -dbg -e 100 -work traffic_light -2002  $dsn/src/traffic_light.vhd $dsn/src/TestBench/traffic_light_TB.vhd
# File: F:/uni/CAD/HW2/q6/traffic_light/src/traffic_light.vhd
# Compile Entity "traffic_light"
# Compile Architecture "behavior" of Entity "traffic_light"
# File: F:/uni/CAD/HW2/q6/traffic_light/src/TestBench/traffic_light_TB.vhd
# Compile Entity "tb_traffic_light"
# Compile Architecture "tb" of Entity "tb_traffic_light"
# Compile Configuration "cfg_tb_traffic_light"
# Top-level unit(s) detected:
# Configuration => cfg_tb_traffic_light
# Compile success 0 Errors 0 Warnings  Analysis time :  0.1 [s]
endsim
# VSIM: Simulation has finished.
asim -O5 +access +r +m+tb_traffic_light tb_traffic_light tb
# ELBREAD: Elaboration process.
# ELBREAD: Elaboration time 0.0 [s].
# VSIM: Stack memory: 32MB
# VSIM: Retval memory: 32MB
# KERNEL: Main thread initiated.
# KERNEL: Kernel process initialization phase.
# ELAB2: Elaboration final pass...
# ELAB2: Create instances ...
# KERNEL: Time resolution set to 1ps.
# ELAB2: Create instances complete.
# SLP: Started
# SLP: Elaboration phase ...
# SLP: Elaboration phase ... skipped, nothing to simulate in SLP mode : 0.0 [s]
# SLP: Finished : 0.0 [s]
# ELAB2: Elaboration final pass complete - time: 0.0 [s].
# KERNEL: Kernel process initialization done.
# Allocation: Simulator allocated 6476 kB (elbread=427 elab2=5906 kernel=142 sdf=0)
# KERNEL: ASDB file was created in location F:\uni\CAD\HW2\q6\traffic_light\src\wave.asdb
#  7:19 PM, Friday, April 26, 2024
#  Simulation has been initialized
# Waveform file 'untitled.awc' connected to 'F:/uni/CAD/HW2/q6/traffic_light/src/wave.asdb'.
# VSIM: 7 object(s) traced.
run 1000 ns
# KERNEL: stopped at time: 1 us
run 1000 ns
# KERNEL: stopped at time: 2 us
run 1000 ns
# KERNEL: stopped at time: 3 us
run 1000 ns
# KERNEL: stopped at time: 4 us
acom -reorder -dbg -e 100 -work traffic_light -2002  $dsn/src/traffic_light.vhd $dsn/src/TestBench/traffic_light_TB.vhd
# File: F:/uni/CAD/HW2/q6/traffic_light/src/traffic_light.vhd
# Compile Entity "traffic_light"
# Compile Architecture "behavior" of Entity "traffic_light"
# File: F:/uni/CAD/HW2/q6/traffic_light/src/TestBench/traffic_light_TB.vhd
# Compile Entity "tb_traffic_light"
# Compile Architecture "tb" of Entity "tb_traffic_light"
# Compile Configuration "cfg_tb_traffic_light"
# Top-level unit(s) detected:
# Configuration => cfg_tb_traffic_light
# Compile success 0 Errors 0 Warnings  Analysis time :  0.1 [s]
# Waveform file 'F:/uni/CAD/HW2/q6/traffic_light/src/waveform1.awc' connected to 'F:/uni/CAD/HW2/q6/traffic_light/src/waveform1.asdb'.
# Adding file F:\uni\CAD\HW2\q6\traffic_light\src\waveform1.asdb ... Done
# Adding file F:\uni\CAD\HW2\q6\traffic_light\src\waveform1.awc ... Done
endsim
# VSIM: Simulation has finished.
asim -O5 +access +r +m+tb_traffic_light tb_traffic_light tb
# ELBREAD: Elaboration process.
# ELBREAD: Elaboration time 0.0 [s].
# VSIM: Stack memory: 32MB
# VSIM: Retval memory: 32MB
# KERNEL: Main thread initiated.
# KERNEL: Kernel process initialization phase.
# ELAB2: Elaboration final pass...
# ELAB2: Create instances ...
# KERNEL: Time resolution set to 1ps.
# ELAB2: Create instances complete.
# SLP: Started
# SLP: Elaboration phase ...
# SLP: Elaboration phase ... skipped, nothing to simulate in SLP mode : 0.0 [s]
# SLP: Finished : 0.0 [s]
# ELAB2: Elaboration final pass complete - time: 0.0 [s].
# KERNEL: Kernel process initialization done.
# Allocation: Simulator allocated 6476 kB (elbread=427 elab2=5906 kernel=142 sdf=0)
# KERNEL: ASDB file was created in location F:\uni\CAD\HW2\q6\traffic_light\src\wave.asdb
#  7:27 PM, Friday, April 26, 2024
#  Simulation has been initialized
endsim
# VSIM: Simulation has finished.
asim -O5 +access +r +m+tb_traffic_light tb_traffic_light tb
# ELBREAD: Elaboration process.
# ELBREAD: Elaboration time 0.0 [s].
# VSIM: Stack memory: 32MB
# VSIM: Retval memory: 32MB
# KERNEL: Main thread initiated.
# KERNEL: Kernel process initialization phase.
# ELAB2: Elaboration final pass...
# ELAB2: Create instances ...
# KERNEL: Time resolution set to 1ps.
# ELAB2: Create instances complete.
# SLP: Started
# SLP: Elaboration phase ...
# SLP: Elaboration phase ... skipped, nothing to simulate in SLP mode : 0.0 [s]
# SLP: Finished : 0.0 [s]
# ELAB2: Elaboration final pass complete - time: 0.0 [s].
# KERNEL: Kernel process initialization done.
# Allocation: Simulator allocated 6476 kB (elbread=427 elab2=5906 kernel=142 sdf=0)
# KERNEL: ASDB file was created in location F:\uni\CAD\HW2\q6\traffic_light\src\wave.asdb
#  7:28 PM, Friday, April 26, 2024
#  Simulation has been initialized
# VSIM: 7 object(s) traced.
# Waveform file 'untitled.awc' connected to 'F:/uni/CAD/HW2/q6/traffic_light/src/wave.asdb'.
run 1000 ns
# KERNEL: stopped at time: 1 us
run 1000 ns
# KERNEL: stopped at time: 2 us
run 1000 ns
# KERNEL: stopped at time: 3 us
acom -reorder -dbg -e 100 -work traffic_light -2002  $dsn/src/traffic_light.vhd $dsn/src/TestBench/traffic_light_TB.vhd
# File: F:/uni/CAD/HW2/q6/traffic_light/src/traffic_light.vhd
# Compile Entity "traffic_light"
# Compile Architecture "behavior" of Entity "traffic_light"
# File: F:/uni/CAD/HW2/q6/traffic_light/src/TestBench/traffic_light_TB.vhd
# Compile Entity "tb_traffic_light"
# Compile Architecture "tb" of Entity "tb_traffic_light"
# Compile Configuration "cfg_tb_traffic_light"
# Top-level unit(s) detected:
# Configuration => cfg_tb_traffic_light
# Compile success 0 Errors 0 Warnings  Analysis time :  0.1 [s]
endsim
# VSIM: Simulation has finished.
asim -O5 +access +r +m+tb_traffic_light tb_traffic_light tb
# ELBREAD: Elaboration process.
# ELBREAD: Elaboration time 0.0 [s].
# VSIM: Stack memory: 32MB
# VSIM: Retval memory: 32MB
# KERNEL: Main thread initiated.
# KERNEL: Kernel process initialization phase.
# ELAB2: Elaboration final pass...
# ELAB2: Create instances ...
# KERNEL: Time resolution set to 1ps.
# ELAB2: Create instances complete.
# SLP: Started
# SLP: Elaboration phase ...
# SLP: Elaboration phase ... skipped, nothing to simulate in SLP mode : 0.0 [s]
# SLP: Finished : 0.0 [s]
# ELAB2: Elaboration final pass complete - time: 0.0 [s].
# KERNEL: Kernel process initialization done.
# Allocation: Simulator allocated 6475 kB (elbread=427 elab2=5906 kernel=142 sdf=0)
# KERNEL: ASDB file was created in location F:\uni\CAD\HW2\q6\traffic_light\src\wave.asdb
#  7:29 PM, Friday, April 26, 2024
#  Simulation has been initialized
# Waveform file 'untitled.awc' connected to 'F:/uni/CAD/HW2/q6/traffic_light/src/wave.asdb'.
# VSIM: 7 object(s) traced.
run 1000 ns
# KERNEL: stopped at time: 1 us
run 1000 ns
# KERNEL: stopped at time: 2 us
acom -reorder -dbg -e 100 -work traffic_light -2002  $dsn/src/traffic_light.vhd $dsn/src/TestBench/traffic_light_TB.vhd
# File: F:/uni/CAD/HW2/q6/traffic_light/src/traffic_light.vhd
# Compile Entity "traffic_light"
# Compile Architecture "behavior" of Entity "traffic_light"
# File: F:/uni/CAD/HW2/q6/traffic_light/src/TestBench/traffic_light_TB.vhd
# Compile Entity "tb_traffic_light"
# Compile Architecture "tb" of Entity "tb_traffic_light"
# Compile Configuration "cfg_tb_traffic_light"
# Top-level unit(s) detected:
# Configuration => cfg_tb_traffic_light
# Compile success 0 Errors 0 Warnings  Analysis time :  0.1 [s]
acom -reorder -dbg -e 100 -work traffic_light -2002  $dsn/src/traffic_light.vhd $dsn/src/TestBench/traffic_light_TB.vhd
# File: F:/uni/CAD/HW2/q6/traffic_light/src/traffic_light.vhd
# Compile Entity "traffic_light"
# Compile Architecture "behavior" of Entity "traffic_light"
# File: F:/uni/CAD/HW2/q6/traffic_light/src/TestBench/traffic_light_TB.vhd
# Compile Entity "tb_traffic_light"
# Compile Architecture "tb" of Entity "tb_traffic_light"
# Compile Configuration "cfg_tb_traffic_light"
# Top-level unit(s) detected:
# Configuration => cfg_tb_traffic_light
# Compile success 0 Errors 0 Warnings  Analysis time :  94.0 [ms]
endsim
# VSIM: Simulation has finished.
asim -O5 +access +r +m+tb_traffic_light tb_traffic_light tb
# ELBREAD: Elaboration process.
# ELBREAD: Elaboration time 0.0 [s].
# VSIM: Stack memory: 32MB
# VSIM: Retval memory: 32MB
# KERNEL: Main thread initiated.
# KERNEL: Kernel process initialization phase.
# ELAB2: Elaboration final pass...
# ELAB2: Create instances ...
# KERNEL: Time resolution set to 1ps.
# ELAB2: Create instances complete.
# SLP: Started
# SLP: Elaboration phase ...
# SLP: Elaboration phase ... skipped, nothing to simulate in SLP mode : 0.0 [s]
# SLP: Finished : 0.0 [s]
# ELAB2: Elaboration final pass complete - time: 0.0 [s].
# KERNEL: Kernel process initialization done.
# Allocation: Simulator allocated 6474 kB (elbread=427 elab2=5905 kernel=142 sdf=0)
# KERNEL: ASDB file was created in location F:\uni\CAD\HW2\q6\traffic_light\src\wave.asdb
#  7:31 PM, Friday, April 26, 2024
#  Simulation has been initialized
# Waveform file 'untitled.awc' connected to 'F:/uni/CAD/HW2/q6/traffic_light/src/wave.asdb'.
# VSIM: 7 object(s) traced.
run 1000 ns
# KERNEL: stopped at time: 1 us
run 1000 ns
# KERNEL: stopped at time: 2 us
acom -reorder -dbg -e 100 -work traffic_light -2002  $dsn/src/traffic_light.vhd $dsn/src/TestBench/traffic_light_TB.vhd
# File: F:/uni/CAD/HW2/q6/traffic_light/src/traffic_light.vhd
# Compile Entity "traffic_light"
# Compile Architecture "behavior" of Entity "traffic_light"
# File: F:/uni/CAD/HW2/q6/traffic_light/src/TestBench/traffic_light_TB.vhd
# Compile Entity "tb_traffic_light"
# Compile Architecture "tb" of Entity "tb_traffic_light"
# Compile Configuration "cfg_tb_traffic_light"
# Top-level unit(s) detected:
# Configuration => cfg_tb_traffic_light
# Compile success 0 Errors 0 Warnings  Analysis time :  94.0 [ms]
endsim
# VSIM: Simulation has finished.
asim -O5 +access +r +m+tb_traffic_light tb_traffic_light tb
# ELBREAD: Elaboration process.
# ELBREAD: Elaboration time 0.0 [s].
# VSIM: Stack memory: 32MB
# VSIM: Retval memory: 32MB
# KERNEL: Main thread initiated.
# KERNEL: Kernel process initialization phase.
# ELAB2: Elaboration final pass...
# ELAB2: Create instances ...
# KERNEL: Time resolution set to 1ps.
# ELAB2: Create instances complete.
# SLP: Started
# SLP: Elaboration phase ...
# SLP: Elaboration phase ... skipped, nothing to simulate in SLP mode : 0.0 [s]
# SLP: Finished : 0.0 [s]
# ELAB2: Elaboration final pass complete - time: 0.0 [s].
# KERNEL: Kernel process initialization done.
# Allocation: Simulator allocated 6475 kB (elbread=427 elab2=5906 kernel=142 sdf=0)
# KERNEL: ASDB file was created in location F:\uni\CAD\HW2\q6\traffic_light\src\wave.asdb
#  7:35 PM, Friday, April 26, 2024
#  Simulation has been initialized
# Waveform file 'untitled.awc' connected to 'F:/uni/CAD/HW2/q6/traffic_light/src/wave.asdb'.
# VSIM: 7 object(s) traced.
run 1000 ns
# KERNEL: stopped at time: 1 us
run 1000 ns
# KERNEL: stopped at time: 2 us
run 1000 ns
# KERNEL: stopped at time: 3 us
acom -reorder -dbg -e 100 -work traffic_light -2002  $dsn/src/traffic_light.vhd $dsn/src/TestBench/traffic_light_TB.vhd
# File: F:/uni/CAD/HW2/q6/traffic_light/src/traffic_light.vhd
# Compile Entity "traffic_light"
# Compile Architecture "behavior" of Entity "traffic_light"
# File: F:/uni/CAD/HW2/q6/traffic_light/src/TestBench/traffic_light_TB.vhd
# Compile Entity "tb_traffic_light"
# Compile Architecture "tb" of Entity "tb_traffic_light"
# Compile Configuration "cfg_tb_traffic_light"
# Top-level unit(s) detected:
# Configuration => cfg_tb_traffic_light
# Compile success 0 Errors 0 Warnings  Analysis time :  0.1 [s]
endsim
# VSIM: Simulation has finished.
asim -O5 +access +r +m+tb_traffic_light tb_traffic_light tb
# ELBREAD: Elaboration process.
# ELBREAD: Elaboration time 0.0 [s].
# VSIM: Stack memory: 32MB
# VSIM: Retval memory: 32MB
# KERNEL: Main thread initiated.
# KERNEL: Kernel process initialization phase.
# ELAB2: Elaboration final pass...
# ELAB2: Create instances ...
# KERNEL: Time resolution set to 1ps.
# ELAB2: Create instances complete.
# SLP: Started
# SLP: Elaboration phase ...
# SLP: Elaboration phase ... skipped, nothing to simulate in SLP mode : 0.0 [s]
# SLP: Finished : 0.0 [s]
# ELAB2: Elaboration final pass complete - time: 0.0 [s].
# KERNEL: Kernel process initialization done.
# Allocation: Simulator allocated 6476 kB (elbread=427 elab2=5906 kernel=142 sdf=0)
# KERNEL: ASDB file was created in location F:\uni\CAD\HW2\q6\traffic_light\src\wave.asdb
#  7:38 PM, Friday, April 26, 2024
#  Simulation has been initialized
# Waveform file 'untitled.awc' connected to 'F:/uni/CAD/HW2/q6/traffic_light/src/wave.asdb'.
# VSIM: 7 object(s) traced.
run 1000 ns
# KERNEL: stopped at time: 1 us
run 1000 ns
# KERNEL: stopped at time: 2 us
run 1000 ns
# KERNEL: stopped at time: 3 us
run 1000 ns
# KERNEL: WARNING: NUMERIC_STD.TO_UNSIGNED: vector truncated
# KERNEL: Time: 3050 ns,  Iteration: 2,  Instance: /tb_traffic_light/dut,  Process: line__349.
# KERNEL: WARNING: NUMERIC_STD.TO_UNSIGNED: vector truncated
# KERNEL: Time: 3150 ns,  Iteration: 2,  Instance: /tb_traffic_light/dut,  Process: line__349.
# KERNEL: WARNING: NUMERIC_STD.TO_UNSIGNED: vector truncated
# KERNEL: Time: 3250 ns,  Iteration: 2,  Instance: /tb_traffic_light/dut,  Process: line__349.
# KERNEL: WARNING: NUMERIC_STD.TO_UNSIGNED: vector truncated
# KERNEL: Time: 3350 ns,  Iteration: 2,  Instance: /tb_traffic_light/dut,  Process: line__349.
# KERNEL: WARNING: NUMERIC_STD.TO_UNSIGNED: vector truncated
# KERNEL: Time: 3450 ns,  Iteration: 2,  Instance: /tb_traffic_light/dut,  Process: line__349.
# KERNEL: WARNING: NUMERIC_STD.TO_UNSIGNED: vector truncated
# KERNEL: Time: 3550 ns,  Iteration: 2,  Instance: /tb_traffic_light/dut,  Process: line__349.
# KERNEL: WARNING: NUMERIC_STD.TO_UNSIGNED: vector truncated
# KERNEL: Time: 3650 ns,  Iteration: 2,  Instance: /tb_traffic_light/dut,  Process: line__349.
# KERNEL: WARNING: NUMERIC_STD.TO_UNSIGNED: vector truncated
# KERNEL: Time: 3750 ns,  Iteration: 2,  Instance: /tb_traffic_light/dut,  Process: line__349.
# KERNEL: WARNING: NUMERIC_STD.TO_UNSIGNED: vector truncated
# KERNEL: Time: 3850 ns,  Iteration: 2,  Instance: /tb_traffic_light/dut,  Process: line__349.
# KERNEL: WARNING: NUMERIC_STD.TO_UNSIGNED: vector truncated
# KERNEL: Time: 3950 ns,  Iteration: 2,  Instance: /tb_traffic_light/dut,  Process: line__349.
# KERNEL: stopped at time: 4 us
run 1000 ns
# KERNEL: WARNING: NUMERIC_STD.TO_UNSIGNED: vector truncated
# KERNEL: Time: 4050 ns,  Iteration: 2,  Instance: /tb_traffic_light/dut,  Process: line__349.
# KERNEL: WARNING: NUMERIC_STD.TO_UNSIGNED: vector truncated
# KERNEL: Time: 4150 ns,  Iteration: 2,  Instance: /tb_traffic_light/dut,  Process: line__349.
# KERNEL: WARNING: NUMERIC_STD.TO_UNSIGNED: vector truncated
# KERNEL: Time: 4250 ns,  Iteration: 2,  Instance: /tb_traffic_light/dut,  Process: line__349.
# KERNEL: WARNING: NUMERIC_STD.TO_UNSIGNED: vector truncated
# KERNEL: Time: 4350 ns,  Iteration: 2,  Instance: /tb_traffic_light/dut,  Process: line__349.
# KERNEL: WARNING: NUMERIC_STD.TO_UNSIGNED: vector truncated
# KERNEL: Time: 4450 ns,  Iteration: 2,  Instance: /tb_traffic_light/dut,  Process: line__349.
# KERNEL: stopped at time: 5 us
endsim
# VSIM: Simulation has finished.
acom -reorder -dbg -e 100 -work traffic_light -2002  $dsn/src/traffic_light.vhd $dsn/src/TestBench/traffic_light_TB.vhd
# File: F:/uni/CAD/HW2/q6/traffic_light/src/traffic_light.vhd
# Compile Entity "traffic_light"
# Compile Architecture "behavior" of Entity "traffic_light"
# File: F:/uni/CAD/HW2/q6/traffic_light/src/TestBench/traffic_light_TB.vhd
# Compile Entity "tb_traffic_light"
# Compile Architecture "tb" of Entity "tb_traffic_light"
# Compile Configuration "cfg_tb_traffic_light"
# Top-level unit(s) detected:
# Configuration => cfg_tb_traffic_light
# Compile success 0 Errors 0 Warnings  Analysis time :  93.0 [ms]
asim -O5 +access +r +m+tb_traffic_light tb_traffic_light tb
# ELBREAD: Elaboration process.
# ELBREAD: Elaboration time 0.0 [s].
# VSIM: Stack memory: 32MB
# VSIM: Retval memory: 32MB
# KERNEL: Main thread initiated.
# KERNEL: Kernel process initialization phase.
# ELAB2: Elaboration final pass...
# ELAB2: Create instances ...
# KERNEL: Time resolution set to 1ps.
# ELAB2: Create instances complete.
# SLP: Started
# SLP: Elaboration phase ...
# SLP: Elaboration phase ... skipped, nothing to simulate in SLP mode : 0.0 [s]
# SLP: Finished : 0.0 [s]
# ELAB2: Elaboration final pass complete - time: 0.0 [s].
# KERNEL: Kernel process initialization done.
# Allocation: Simulator allocated 6476 kB (elbread=427 elab2=5906 kernel=142 sdf=0)
# KERNEL: ASDB file was created in location F:\uni\CAD\HW2\q6\traffic_light\src\wave.asdb
#  7:40 PM, Friday, April 26, 2024
#  Simulation has been initialized
# Waveform file 'untitled.awc' connected to 'F:/uni/CAD/HW2/q6/traffic_light/src/wave.asdb'.
# VSIM: 7 object(s) traced.
run 1000 ns
# KERNEL: stopped at time: 1 us
run 1000 ns
# KERNEL: stopped at time: 2 us
run 1000 ns
# KERNEL: stopped at time: 3 us
run 1000 ns
# KERNEL: stopped at time: 4 us
acom -dbg -e 100 -work traffic_light -2002  $dsn/src/TestBench/traffic_light_TB.vhd
# File: F:/uni/CAD/HW2/q6/traffic_light/src/TestBench/traffic_light_TB.vhd
# Compile Entity "tb_traffic_light"
# Compile Architecture "tb" of Entity "tb_traffic_light"
# Error: COMP96_0077: TestBench/traffic_light_TB.vhd : (21, 33): Undefined type of expression. Expected type 'TIME'.
# Error: COMP96_0071: TestBench/traffic_light_TB.vhd : (34, 43): Operator "/" is not defined for such operands.
# Error: COMP96_0085: TestBench/traffic_light_TB.vhd : (34, 34): Time expression expected.
# Error: COMP96_0071: TestBench/traffic_light_TB.vhd : (51, 24): Operator "*" is not defined for such operands.
# Error: COMP96_0085: TestBench/traffic_light_TB.vhd : (51, 18): Time expression expected.
# Compile Configuration "cfg_tb_traffic_light"
# Compile failure 5 Errors 0 Warnings  Analysis time :  63.0 [ms]
acom -dbg -e 100 -work traffic_light -2002  $dsn/src/TestBench/traffic_light_TB.vhd
# File: F:/uni/CAD/HW2/q6/traffic_light/src/TestBench/traffic_light_TB.vhd
# Compile Entity "tb_traffic_light"
# Compile Architecture "tb" of Entity "tb_traffic_light"
# Compile Configuration "cfg_tb_traffic_light"
# Compile success 0 Errors 0 Warnings  Analysis time :  63.0 [ms]
acom -reorder -dbg -e 100 -work traffic_light -2002  $dsn/src/traffic_light.vhd $dsn/src/TestBench/traffic_light_TB.vhd
# File: F:/uni/CAD/HW2/q6/traffic_light/src/traffic_light.vhd
# Compile Entity "traffic_light"
# Compile Architecture "behavior" of Entity "traffic_light"
# File: F:/uni/CAD/HW2/q6/traffic_light/src/TestBench/traffic_light_TB.vhd
# Compile Entity "tb_traffic_light"
# Compile Architecture "tb" of Entity "tb_traffic_light"
# Compile Configuration "cfg_tb_traffic_light"
# Top-level unit(s) detected:
# Configuration => cfg_tb_traffic_light
# Compile success 0 Errors 0 Warnings  Analysis time :  0.1 [s]
endsim
# VSIM: Simulation has finished.
asim -O5 +access +r +m+tb_traffic_light tb_traffic_light tb
# ELBREAD: Elaboration process.
# ELBREAD: Elaboration time 0.0 [s].
# VSIM: Stack memory: 32MB
# VSIM: Retval memory: 32MB
# KERNEL: Main thread initiated.
# KERNEL: Kernel process initialization phase.
# ELAB2: Elaboration final pass...
# ELAB2: Create instances ...
# KERNEL: Time resolution set to 1ps.
# ELAB2: Create instances complete.
# SLP: Started
# SLP: Elaboration phase ...
# SLP: Elaboration phase ... skipped, nothing to simulate in SLP mode : 0.0 [s]
# SLP: Finished : 0.0 [s]
# ELAB2: Elaboration final pass complete - time: 0.0 [s].
# KERNEL: Kernel process initialization done.
# Allocation: Simulator allocated 6476 kB (elbread=427 elab2=5906 kernel=142 sdf=0)
# KERNEL: ASDB file was created in location F:\uni\CAD\HW2\q6\traffic_light\src\wave.asdb
#  7:43 PM, Friday, April 26, 2024
#  Simulation has been initialized
# Waveform file 'untitled.awc' connected to 'F:/uni/CAD/HW2/q6/traffic_light/src/wave.asdb'.
# VSIM: 7 object(s) traced.
run 1000000000 ns
# KERNEL: stopped at time: 1 sec
run 1000000000 ns
# KERNEL: stopped at time: 2 sec
run 1000000000 ns
# KERNEL: stopped at time: 3 sec
run 1000000000 ns
# KERNEL: stopped at time: 4 sec
run 1000000000 ns
# KERNEL: stopped at time: 5 sec
run 1000000000 ns
# KERNEL: stopped at time: 6 sec
run 1000000000 ns
# KERNEL: stopped at time: 7 sec
run 1000000000 ns
# KERNEL: stopped at time: 8 sec
run 1000000000 ns
# KERNEL: stopped at time: 9 sec
run 1000000000 ns
# KERNEL: stopped at time: 10 sec
run 1000000000 ns
# KERNEL: stopped at time: 11 sec
run 1000000000 ns
# KERNEL: stopped at time: 12 sec
run 1000000000 ns
# KERNEL: stopped at time: 13 sec
run 1000000000 ns
# KERNEL: stopped at time: 14 sec
run 1000000000 ns
# KERNEL: stopped at time: 15 sec
run 1000000000 ns
# KERNEL: stopped at time: 16 sec
run 1000000000 ns
# KERNEL: stopped at time: 17 sec
run 1000000000 ns
# KERNEL: stopped at time: 18 sec
run 1000000000 ns
# KERNEL: stopped at time: 19 sec
run 1000000000 ns
# KERNEL: stopped at time: 20 sec
run 1000000000 ns
# KERNEL: stopped at time: 21 sec
run 1000000000 ns
# KERNEL: stopped at time: 22 sec
run 1000000000 ns
# KERNEL: stopped at time: 23 sec
run 1000000000 ns
# KERNEL: stopped at time: 24 sec
run 1000000000 ns
# KERNEL: stopped at time: 25 sec
run 1000000000 ns
# KERNEL: stopped at time: 26 sec
run 1000000000 ns
# KERNEL: stopped at time: 27 sec
run 1000000000 ns
# KERNEL: stopped at time: 28 sec
run 1000000000 ns
# KERNEL: stopped at time: 29 sec
run 1000000000 ns
# KERNEL: stopped at time: 30 sec
run 1000000000 ns
# KERNEL: stopped at time: 31 sec
run 1000000000 ns
# KERNEL: stopped at time: 32 sec
run 1000000000 ns
# KERNEL: stopped at time: 33 sec
# Waveform file 'F:/uni/CAD/HW2/q6/traffic_light/src/waveformFinal.awc' connected to 'F:/uni/CAD/HW2/q6/traffic_light/src/waveformFinal.asdb'.
# Adding file F:\uni\CAD\HW2\q6\traffic_light\src\waveformFinal.asdb ... Done
# Adding file F:\uni\CAD\HW2\q6\traffic_light\src\waveformFinal.awc ... Done
acom -dbg -e 100 -work traffic_light -2002  $dsn/src/traffic_light.vhd
# File: F:/uni/CAD/HW2/q6/traffic_light/src/traffic_light.vhd
# Compile Entity "traffic_light"
# Compile Architecture "behavior" of Entity "traffic_light"
# Compile success 0 Errors 0 Warnings  Analysis time :  79.0 [ms]
run 1000000000 ns
acom -dbg -e 100 -work traffic_light -2002  $dsn/src/traffic_light.vhd
# File: F:/uni/CAD/HW2/q6/traffic_light/src/traffic_light.vhd
# Compile Entity "traffic_light"
# Compile Architecture "behavior" of Entity "traffic_light"
# Compile success 0 Errors 0 Warnings  Analysis time :  78.0 [ms]
# ELBREAD: Elaboration process.
# ELBREAD: Elaboration time 0.0 [s].
# KERNEL: Main thread initiated.
# KERNEL: Kernel process initialization phase.
# ELAB2: Elaboration final pass...
# ELAB2: Create instances ...
# KERNEL: Time resolution set to 1ps.
# ELAB2: Create instances complete.
# SLP: Started
# SLP: Elaboration phase ...
# SLP: Elaboration phase ... skipped, nothing to simulate in SLP mode : 0.0 [s]
# SLP: Finished : 0.0 [s]
# ELAB2: Elaboration final pass complete - time: 0.0 [s].
# KERNEL: Kernel process initialization done.
# Allocation: Simulator allocated 6476 kB (elbread=427 elab2=5906 kernel=142 sdf=0)
# KERNEL: ASDB file was created in location F:\uni\CAD\HW2\q6\traffic_light\src\wave.asdb
#  7:50 PM, Friday, April 26, 2024
#  Simulation has been initialized
endsim
# VSIM: Simulation has finished.
asim -O5 +access +r +m+tb_traffic_light tb_traffic_light tb
# ELBREAD: Elaboration process.
# ELBREAD: Elaboration time 0.0 [s].
# VSIM: Stack memory: 32MB
# VSIM: Retval memory: 32MB
# KERNEL: Main thread initiated.
# KERNEL: Kernel process initialization phase.
# ELAB2: Elaboration final pass...
# ELAB2: Create instances ...
# KERNEL: Time resolution set to 1ps.
# ELAB2: Create instances complete.
# SLP: Started
# SLP: Elaboration phase ...
# SLP: Elaboration phase ... skipped, nothing to simulate in SLP mode : 0.0 [s]
# SLP: Finished : 0.0 [s]
# ELAB2: Elaboration final pass complete - time: 0.0 [s].
# KERNEL: Kernel process initialization done.
# Allocation: Simulator allocated 6476 kB (elbread=427 elab2=5906 kernel=142 sdf=0)
# KERNEL: ASDB file was created in location F:\uni\CAD\HW2\q6\traffic_light\src\wave.asdb
#  7:50 PM, Friday, April 26, 2024
#  Simulation has been initialized
endsim
# VSIM: Simulation has finished.
asim -O5 +access +r +m+tb_traffic_light tb_traffic_light tb
# ELBREAD: Elaboration process.
# ELBREAD: Elaboration time 0.0 [s].
# VSIM: Stack memory: 32MB
# VSIM: Retval memory: 32MB
# KERNEL: Main thread initiated.
# KERNEL: Kernel process initialization phase.
# ELAB2: Elaboration final pass...
# ELAB2: Create instances ...
# KERNEL: Time resolution set to 1ps.
# ELAB2: Create instances complete.
# SLP: Started
# SLP: Elaboration phase ...
# SLP: Elaboration phase ... skipped, nothing to simulate in SLP mode : 0.0 [s]
# SLP: Finished : 0.0 [s]
# ELAB2: Elaboration final pass complete - time: 0.0 [s].
# KERNEL: Kernel process initialization done.
# Allocation: Simulator allocated 6476 kB (elbread=427 elab2=5906 kernel=142 sdf=0)
# KERNEL: ASDB file was created in location F:\uni\CAD\HW2\q6\traffic_light\src\wave.asdb
#  7:50 PM, Friday, April 26, 2024
#  Simulation has been initialized
# VSIM: 7 object(s) traced.
# Waveform file 'untitled.awc' connected to 'F:/uni/CAD/HW2/q6/traffic_light/src/wave.asdb'.
run 1000000000 ns
# KERNEL: stopped at time: 1 sec
run 1000000000 ns
# KERNEL: stopped at time: 2 sec
run 1000000000 ns
# KERNEL: stopped at time: 3 sec
run 1000000000 ns
# KERNEL: stopped at time: 4 sec
run 1000000000 ns
# KERNEL: stopped at time: 5 sec
run 1000000000 ns
# KERNEL: stopped at time: 6 sec
run 1000000000 ns
# KERNEL: stopped at time: 7 sec
run 1000000000 ns
# KERNEL: stopped at time: 8 sec
run 1000000000 ns
# KERNEL: stopped at time: 9 sec
run 1000000000 ns
# KERNEL: stopped at time: 10 sec
run 1000000000 ns
# KERNEL: stopped at time: 11 sec
run 1000000000 ns
# KERNEL: stopped at time: 12 sec
run 1000000000 ns
# KERNEL: stopped at time: 13 sec
run 1000000000 ns
# KERNEL: stopped at time: 14 sec
run 1000000000 ns
# KERNEL: stopped at time: 15 sec
run 1000000000 ns
# KERNEL: stopped at time: 16 sec
run 1000000000 ns
# KERNEL: stopped at time: 17 sec
run 1000000000 ns
# KERNEL: stopped at time: 18 sec
run 1000000000 ns
# KERNEL: stopped at time: 19 sec
run 1000000000 ns
# KERNEL: stopped at time: 20 sec
# Waveform file 'untitled.awc' connected to 'F:/uni/CAD/HW2/q4/clock/src/waveform.asdb'.
