Active-HDL 13.0.375.8320 2024-06-16 09:08:12

Elaboration top modules:
Architecture                  Behavioral(Password_System_tb)


-----------------------------------------------------------------------------------------------------
Entity             | Architecture | Library | Info | Compiler Version          | Compilation Options
-----------------------------------------------------------------------------------------------------
Password_System_tb | Behavioral   | q3      |      | 13.0.375.8320 (Windows64) | -dbg
Password_System    | Behavioral   | q3      |      | 13.0.375.8320 (Windows64) | -dbg
-----------------------------------------------------------------------------------------------------

-----------------------------------------------------------------------------------------------------
VHDL Package                      | Library | Info | Compiler Version          | Compilation Options
-----------------------------------------------------------------------------------------------------
standard                          | std     |      |                           | <unavailable>
TEXTIO                            | std     |      | 13.0.375.8320 (Windows64) |  -2019
std_logic_1164                    | ieee    |      | 13.0.375.8320 (Windows64) |  -2008
std_logic_arith                   | ieee    |      | 13.0.375.8320 (Windows64) | <unavailable>
STD_LOGIC_UNSIGNED                | ieee    |      | 13.0.375.8320 (Windows64) | <unavailable>
-----------------------------------------------------------------------------------------------------

-----------------------------------------------------------------------------------------------------
Library                           | Comment
-----------------------------------------------------------------------------------------------------
ieee                              | Standard IEEE packages library
q3                                | None
std                               | Standard VHDL library
-----------------------------------------------------------------------------------------------------
