Active-HDL 13.0.375.8320 2024-05-16 20:12:26

Elaboration top modules:
Architecture                  tb(tb_SerialReceiver)


----------------------------------------------------------------------------------------------------
Entity            | Architecture | Library | Info | Compiler Version          | Compilation Options
----------------------------------------------------------------------------------------------------
tb_SerialReceiver | tb           | q6      |      | 13.0.375.8320 (Windows64) | -dbg
SerialReceiver    | Behavioral   | q6      |      | 13.0.375.8320 (Windows64) | -dbg
----------------------------------------------------------------------------------------------------

----------------------------------------------------------------------------------------------------
VHDL Package                     | Library | Info | Compiler Version          | Compilation Options
----------------------------------------------------------------------------------------------------
standard                         | std     |      |                           | <unavailable>
TEXTIO                           | std     |      | 13.0.375.8320 (Windows64) |  -2019
std_logic_1164                   | ieee    |      | 13.0.375.8320 (Windows64) |  -2008
NUMERIC_STD                      | ieee    |      | 13.0.375.8320 (Windows64) |  -2008
----------------------------------------------------------------------------------------------------

----------------------------------------------------------------------------------------------------
Library                          | Comment
----------------------------------------------------------------------------------------------------
ieee                             | Standard IEEE packages library
q6                               | None
std                              | Standard VHDL library
----------------------------------------------------------------------------------------------------


Simulation Options: asim -O5 +access +r +m+tb_SerialReceiver tb_SerialReceiver tb

