# ELBREAD: Elaboration process.
# ELBREAD: Elaboration time 0.0 [s].
acom -dbg -e 100 -work q2 -2002  $dsn/src/q2.vhd
# File: F:/uni/CAD/HW2/hw2_q2/q2/src/q2.vhd
# Compile Entity "q2"
# Compile Architecture "fifo_buffer" of Entity "q2"
# Error: COMP96_0393: q2.vhd : (119, 32): Cannot read output : "full".
# Error: COMP96_0393: q2.vhd : (123, 31): Cannot read output : "empty".
# Compile failure 2 Errors 0 Warnings  Analysis time :  78.0 [ms]
acom -dbg -e 100 -work q2 -2002  $dsn/src/q2.vhd
# File: F:/uni/CAD/HW2/hw2_q2/q2/src/q2.vhd
# Compile Entity "q2"
# Compile Architecture "fifo_buffer" of Entity "q2"
# Error: COMP96_0122: q2.vhd : (112, 2): Symbol "full" has already been declared in this scope.
# Error: COMP96_0122: q2.vhd : (113, 2): Symbol "empty" has already been declared in this scope.
# Compile failure 2 Errors 0 Warnings  Analysis time :  16.0 [ms]
acom -dbg -e 100 -work q2 -2002  $dsn/src/q2.vhd
# File: F:/uni/CAD/HW2/hw2_q2/q2/src/q2.vhd
# Compile Entity "q2"
# Compile Architecture "fifo_buffer" of Entity "q2"
# Compile success 0 Errors 0 Warnings  Analysis time :  63.0 [ms]
acom -reorder -dbg -e 100 -work q2 -2002  $dsn/src/q2.vhd $dsn/src/TestBench/q2_TB.vhd
# File: F:/uni/CAD/HW2/hw2_q2/q2/src/q2.vhd
# Compile Entity "q2"
# Compile Architecture "fifo_buffer" of Entity "q2"
# File: F:/uni/CAD/HW2/hw2_q2/q2/src/TestBench/q2_TB.vhd
# Compile Entity "tb_q2"
# Compile Architecture "tb" of Entity "tb_q2"
# Compile Configuration "cfg_tb_q2"
# Top-level unit(s) detected:
# Configuration => cfg_tb_q2
# Compile success 0 Errors 0 Warnings  Analysis time :  0.1 [s]
asim -O5 +access +r +m+q2_tb q2_tb TB_ARCHITECTURE
# ELBREAD: Elaboration process.
# ELBREAD: Error: The contents of entity 'q2.q2' instantiated in architecture 'TB_ARCHITECTURE:q2_tb' differ from the contents available during the compilation of this architecture.
# ELBREAD: Error: Elaboration process completed with errors.
# Design: Error: Elaboration failed
# Error: VSIM: cannot select specified top-level
# ELBREAD: Elaboration process.
# ELBREAD: Error: The contents of entity 'q2.q2' instantiated in architecture 'TB_ARCHITECTURE:q2_tb' differ from the contents available during the compilation of this architecture.
# ELBREAD: Error: Elaboration process completed with errors.
# Design: Error: Elaboration failed
# ELBREAD: Elaboration process.
# ELBREAD: Elaboration time 0.0 [s].
# Error: Accelerated Waveform: Simulation database is not connected. Initialize simulation or load simulation database by opening waveform file (AWC, ASDB).
asim -O5 +access +r +m+tb_q2 tb_q2 tb
# ELBREAD: Elaboration process.
# ELBREAD: Elaboration time 0.0 [s].
# VSIM: Stack memory: 32MB
# VSIM: Retval memory: 32MB
# KERNEL: Main thread initiated.
# KERNEL: Kernel process initialization phase.
# ELAB2: Elaboration final pass...
# ELAB2: Create instances ...
# KERNEL: Time resolution set to 1ps.
# ELAB2: Create instances complete.
# SLP: Started
# SLP: Elaboration phase ...
# SLP: Elaboration phase ... skipped, nothing to simulate in SLP mode : 0.0 [s]
# SLP: Finished : 0.0 [s]
# ELAB2: Elaboration final pass complete - time: 0.1 [s].
# KERNEL: Kernel process initialization done.
# Allocation: Simulator allocated 6434 kB (elbread=427 elab2=5865 kernel=141 sdf=0)
# KERNEL: ASDB file was created in location F:\uni\CAD\HW2\hw2_q2\q2\src\wave.asdb
#  10:29 AM, Friday, April 26, 2024
#  Simulation has been initialized
# VSIM: 11 object(s) traced.
# Waveform file 'untitled.awc' connected to 'F:/uni/CAD/HW2/hw2_q2/q2/src/wave.asdb'.
run 30 ns
# KERNEL: stopped at time: 30 ns
run 30 ns
# KERNEL: stopped at time: 60 ns
run 30 ns
# KERNEL: stopped at time: 90 ns
acom -reorder -dbg -e 100 -work q2 -2002  $dsn/src/q2.vhd $dsn/src/TestBench/q2_TB.vhd
# File: F:/uni/CAD/HW2/hw2_q2/q2/src/q2.vhd
# Compile Entity "q2"
# Compile Architecture "fifo_buffer" of Entity "q2"
# File: F:/uni/CAD/HW2/hw2_q2/q2/src/TestBench/q2_TB.vhd
# Compile Entity "tb_q2"
# Compile Architecture "tb" of Entity "tb_q2"
# Compile Configuration "cfg_tb_q2"
# Top-level unit(s) detected:
# Configuration => cfg_tb_q2
# Compile success 0 Errors 0 Warnings  Analysis time :  94.0 [ms]
endsim
# VSIM: Simulation has finished.
asim -O5 +access +r +m+tb_q2 tb_q2 tb
# ELBREAD: Elaboration process.
# ELBREAD: Elaboration time 0.0 [s].
# VSIM: Stack memory: 32MB
# VSIM: Retval memory: 32MB
# KERNEL: Main thread initiated.
# KERNEL: Kernel process initialization phase.
# ELAB2: Elaboration final pass...
# ELAB2: Create instances ...
# KERNEL: Time resolution set to 1ps.
# ELAB2: Create instances complete.
# SLP: Started
# SLP: Elaboration phase ...
# SLP: Elaboration phase ... skipped, nothing to simulate in SLP mode : 0.0 [s]
# SLP: Finished : 0.0 [s]
# ELAB2: Elaboration final pass complete - time: 0.0 [s].
# KERNEL: Kernel process initialization done.
# Allocation: Simulator allocated 6443 kB (elbread=427 elab2=5872 kernel=143 sdf=0)
# KERNEL: ASDB file was created in location F:\uni\CAD\HW2\hw2_q2\q2\src\wave.asdb
#  10:40 AM, Friday, April 26, 2024
#  Simulation has been initialized
# Waveform file 'untitled.awc' connected to 'F:/uni/CAD/HW2/hw2_q2/q2/src/wave.asdb'.
# VSIM: 11 object(s) traced.
run 10 ns
# KERNEL: stopped at time: 10 ns
run 10 ns
# KERNEL: stopped at time: 20 ns
run 10 ns
# KERNEL: stopped at time: 30 ns
run 10 ns
# KERNEL: stopped at time: 40 ns
run 10 ns
# KERNEL: stopped at time: 50 ns
run 10 ns
# KERNEL: stopped at time: 60 ns
run 10 ns
# KERNEL: stopped at time: 70 ns
run 10 ns
# KERNEL: stopped at time: 80 ns
run 10 ns
# KERNEL: stopped at time: 90 ns
run 10 ns
# KERNEL: stopped at time: 100 ns
run 10 ns
# KERNEL: stopped at time: 110 ns
run 10 ns
# KERNEL: stopped at time: 120 ns
run 10 ns
# KERNEL: stopped at time: 130 ns
acom -reorder -dbg -e 100 -work q2 -2002  $dsn/src/q2.vhd $dsn/src/TestBench/q2_TB.vhd
# File: F:/uni/CAD/HW2/hw2_q2/q2/src/q2.vhd
# Compile Entity "q2"
# Compile Architecture "fifo_buffer" of Entity "q2"
# File: F:/uni/CAD/HW2/hw2_q2/q2/src/TestBench/q2_TB.vhd
# Compile Entity "tb_q2"
# Compile Architecture "tb" of Entity "tb_q2"
# Compile Configuration "cfg_tb_q2"
# Top-level unit(s) detected:
# Configuration => cfg_tb_q2
# Error: COMP96_0019: q2.vhd : (135, 2): Keyword 'when' expected.
# Error: COMP96_0015: q2.vhd : (135, 2): ';' expected.
# Error: COMP96_0019: q2.vhd : (137, 1): Keyword 'when' expected.
# Error: COMP96_0015: q2.vhd : (137, 1): ';' expected.
# Compile failure 4 Errors 0 Warnings  Analysis time :  94.0 [ms]
acom -reorder -dbg -e 100 -work q2 -2002  $dsn/src/q2.vhd $dsn/src/TestBench/q2_TB.vhd
# File: F:/uni/CAD/HW2/hw2_q2/q2/src/q2.vhd
# Compile Entity "q2"
# Compile Architecture "fifo_buffer" of Entity "q2"
# File: F:/uni/CAD/HW2/hw2_q2/q2/src/TestBench/q2_TB.vhd
# Compile Entity "tb_q2"
# Compile Architecture "tb" of Entity "tb_q2"
# Compile Configuration "cfg_tb_q2"
# Top-level unit(s) detected:
# Configuration => cfg_tb_q2
# Compile success 0 Errors 0 Warnings  Analysis time :  0.1 [s]
endsim
# VSIM: Simulation has finished.
acom -reorder -dbg -e 100 -work q2 -2002  $dsn/src/q2.vhd $dsn/src/TestBench/q2_TB.vhd
# File: F:/uni/CAD/HW2/hw2_q2/q2/src/q2.vhd
# Compile Entity "q2"
# Compile Architecture "fifo_buffer" of Entity "q2"
# File: F:/uni/CAD/HW2/hw2_q2/q2/src/TestBench/q2_TB.vhd
# Compile Entity "tb_q2"
# Compile Architecture "tb" of Entity "tb_q2"
# Compile Configuration "cfg_tb_q2"
# Top-level unit(s) detected:
# Configuration => cfg_tb_q2
# Compile success 0 Errors 0 Warnings  Analysis time :  78.0 [ms]
asim -O5 +access +r +m+tb_q2 tb_q2 tb
# ELBREAD: Elaboration process.
# ELBREAD: Elaboration time 0.0 [s].
# VSIM: Stack memory: 32MB
# VSIM: Retval memory: 32MB
# KERNEL: Main thread initiated.
# KERNEL: Kernel process initialization phase.
# ELAB2: Elaboration final pass...
# ELAB2: Create instances ...
# KERNEL: Time resolution set to 1ps.
# ELAB2: Create instances complete.
# SLP: Started
# SLP: Elaboration phase ...
# SLP: Elaboration phase ... skipped, nothing to simulate in SLP mode : 0.0 [s]
# SLP: Finished : 0.0 [s]
# ELAB2: Elaboration final pass complete - time: 0.0 [s].
# KERNEL: Kernel process initialization done.
# Allocation: Simulator allocated 6444 kB (elbread=427 elab2=5873 kernel=144 sdf=0)
# KERNEL: ASDB file was created in location F:\uni\CAD\HW2\hw2_q2\q2\src\wave.asdb
#  10:47 AM, Friday, April 26, 2024
#  Simulation has been initialized
# Waveform file 'untitled.awc' connected to 'F:/uni/CAD/HW2/hw2_q2/q2/src/wave.asdb'.
# VSIM: 11 object(s) traced.
run 10 ns
# KERNEL: stopped at time: 10 ns
run 10 ns
# KERNEL: stopped at time: 20 ns
run 10 ns
# KERNEL: stopped at time: 30 ns
run 10 ns
# KERNEL: stopped at time: 40 ns
run 10 ns
# KERNEL: stopped at time: 50 ns
run 10 ns
# KERNEL: stopped at time: 60 ns
run 10 ns
# KERNEL: stopped at time: 70 ns
run 10 ns
# KERNEL: stopped at time: 80 ns
run 10 ns
# KERNEL: stopped at time: 90 ns
run 10 ns
# KERNEL: stopped at time: 100 ns
run 10 ns
# KERNEL: stopped at time: 110 ns
run 10 ns
# KERNEL: stopped at time: 120 ns
run 10 ns
# KERNEL: stopped at time: 130 ns
run 10 ns
# KERNEL: stopped at time: 140 ns
run 10 ns
# KERNEL: stopped at time: 150 ns
run 10 ns
# KERNEL: stopped at time: 160 ns
run 10 ns
# KERNEL: stopped at time: 170 ns
run 10 ns
# KERNEL: stopped at time: 180 ns
run 10 ns
# KERNEL: stopped at time: 190 ns
run 10 ns
# KERNEL: stopped at time: 200 ns
run 10 ns
# KERNEL: stopped at time: 210 ns
endsim
# VSIM: Simulation has finished.
acom -reorder -dbg -e 100 -work q2 -2002  $dsn/src/q2.vhd $dsn/src/TestBench/q2_TB.vhd
# File: F:/uni/CAD/HW2/hw2_q2/q2/src/q2.vhd
# Compile Entity "q2"
# Compile Architecture "fifo_buffer" of Entity "q2"
# File: F:/uni/CAD/HW2/hw2_q2/q2/src/TestBench/q2_TB.vhd
# Compile Entity "tb_q2"
# Compile Architecture "tb" of Entity "tb_q2"
# Compile Configuration "cfg_tb_q2"
# Top-level unit(s) detected:
# Configuration => cfg_tb_q2
# Compile success 0 Errors 0 Warnings  Analysis time :  0.1 [s]
asim -O5 +access +r +m+tb_q2 tb_q2 tb
# ELBREAD: Elaboration process.
# ELBREAD: Elaboration time 0.0 [s].
# VSIM: Stack memory: 32MB
# VSIM: Retval memory: 32MB
# KERNEL: Main thread initiated.
# KERNEL: Kernel process initialization phase.
# ELAB2: Elaboration final pass...
# ELAB2: Create instances ...
# KERNEL: Time resolution set to 1ps.
# ELAB2: Create instances complete.
# SLP: Started
# SLP: Elaboration phase ...
# SLP: Elaboration phase ... skipped, nothing to simulate in SLP mode : 0.0 [s]
# SLP: Finished : 0.0 [s]
# ELAB2: Elaboration final pass complete - time: 0.0 [s].
# KERNEL: Kernel process initialization done.
# Allocation: Simulator allocated 6443 kB (elbread=427 elab2=5872 kernel=143 sdf=0)
# KERNEL: ASDB file was created in location F:\uni\CAD\HW2\hw2_q2\q2\src\wave.asdb
#  10:56 AM, Friday, April 26, 2024
#  Simulation has been initialized
# Waveform file 'untitled.awc' connected to 'F:/uni/CAD/HW2/hw2_q2/q2/src/wave.asdb'.
# VSIM: 11 object(s) traced.
run 10 ns
# KERNEL: stopped at time: 10 ns
run 10 ns
# KERNEL: stopped at time: 20 ns
run 10 ns
# KERNEL: stopped at time: 30 ns
run 10 ns
# KERNEL: stopped at time: 40 ns
run 10 ns
# KERNEL: stopped at time: 50 ns
run 10 ns
# KERNEL: stopped at time: 60 ns
run 10 ns
# KERNEL: stopped at time: 70 ns
run 10 ns
# KERNEL: stopped at time: 80 ns
run 10 ns
# KERNEL: stopped at time: 90 ns
run 10 ns
# KERNEL: stopped at time: 100 ns
run 10 ns
# KERNEL: stopped at time: 110 ns
run 10 ns
# KERNEL: stopped at time: 120 ns
run 10 ns
# KERNEL: stopped at time: 130 ns
run 10 ns
# KERNEL: stopped at time: 140 ns
run 10 ns
# KERNEL: stopped at time: 150 ns
run 10 ns
# KERNEL: stopped at time: 160 ns
run 10 ns
# KERNEL: stopped at time: 170 ns
run 10 ns
# KERNEL: stopped at time: 180 ns
run 10 ns
# KERNEL: stopped at time: 190 ns
acom -reorder -dbg -e 100 -work q2 -2002  $dsn/src/q2.vhd $dsn/src/TestBench/q2_TB.vhd
# File: F:/uni/CAD/HW2/hw2_q2/q2/src/q2.vhd
# Compile Entity "q2"
# Compile Architecture "fifo_buffer" of Entity "q2"
# File: F:/uni/CAD/HW2/hw2_q2/q2/src/TestBench/q2_TB.vhd
# Compile Entity "tb_q2"
# Compile Architecture "tb" of Entity "tb_q2"
# Compile Configuration "cfg_tb_q2"
# Top-level unit(s) detected:
# Configuration => cfg_tb_q2
# Compile success 0 Errors 0 Warnings  Analysis time :  0.1 [s]
endsim
# VSIM: Simulation has finished.
asim -O5 +access +r +m+tb_q2 tb_q2 tb
# ELBREAD: Elaboration process.
# ELBREAD: Elaboration time 0.0 [s].
# VSIM: Stack memory: 32MB
# VSIM: Retval memory: 32MB
# KERNEL: Main thread initiated.
# KERNEL: Kernel process initialization phase.
# ELAB2: Elaboration final pass...
# ELAB2: Create instances ...
# KERNEL: Time resolution set to 1ps.
# ELAB2: Create instances complete.
# SLP: Started
# SLP: Elaboration phase ...
# SLP: Elaboration phase ... skipped, nothing to simulate in SLP mode : 0.0 [s]
# SLP: Finished : 0.0 [s]
# ELAB2: Elaboration final pass complete - time: 0.0 [s].
# KERNEL: Kernel process initialization done.
# Allocation: Simulator allocated 6443 kB (elbread=427 elab2=5872 kernel=143 sdf=0)
# KERNEL: ASDB file was created in location F:\uni\CAD\HW2\hw2_q2\q2\src\wave.asdb
#  11:11 AM, Friday, April 26, 2024
#  Simulation has been initialized
# Waveform file 'untitled.awc' connected to 'F:/uni/CAD/HW2/hw2_q2/q2/src/wave.asdb'.
# VSIM: 11 object(s) traced.
run 10 ns
# KERNEL: stopped at time: 10 ns
run 10 ns
# KERNEL: stopped at time: 20 ns
run 10 ns
# KERNEL: stopped at time: 30 ns
run 10 ns
# KERNEL: stopped at time: 40 ns
run 10 ns
# KERNEL: stopped at time: 50 ns
run 10 ns
# KERNEL: stopped at time: 60 ns
run 10 ns
# KERNEL: stopped at time: 70 ns
run 10 ns
# KERNEL: stopped at time: 80 ns
run 10 ns
# KERNEL: stopped at time: 90 ns
run 10 ns
# KERNEL: stopped at time: 100 ns
run 10 ns
# KERNEL: stopped at time: 110 ns
run 10 ns
# KERNEL: stopped at time: 120 ns
run 10 ns
# KERNEL: stopped at time: 130 ns
run 10 ns
# KERNEL: stopped at time: 140 ns
run 10 ns
# KERNEL: stopped at time: 150 ns
run 10 ns
# KERNEL: stopped at time: 160 ns
run 10 ns
# KERNEL: stopped at time: 170 ns
acom -reorder -dbg -e 100 -work q2 -2002  $dsn/src/q2.vhd $dsn/src/TestBench/q2_TB.vhd
# File: F:/uni/CAD/HW2/hw2_q2/q2/src/q2.vhd
# Compile Entity "q2"
# Compile Architecture "fifo_buffer" of Entity "q2"
# File: F:/uni/CAD/HW2/hw2_q2/q2/src/TestBench/q2_TB.vhd
# Compile Entity "tb_q2"
# Compile Architecture "tb" of Entity "tb_q2"
# Compile Configuration "cfg_tb_q2"
# Top-level unit(s) detected:
# Configuration => cfg_tb_q2
# Compile success 0 Errors 0 Warnings  Analysis time :  93.0 [ms]
endsim
# VSIM: Simulation has finished.
acom -reorder -dbg -e 100 -work q2 -2002  $dsn/src/q2.vhd $dsn/src/TestBench/q2_TB.vhd
# File: F:/uni/CAD/HW2/hw2_q2/q2/src/q2.vhd
# Compile Entity "q2"
# Compile Architecture "fifo_buffer" of Entity "q2"
# File: F:/uni/CAD/HW2/hw2_q2/q2/src/TestBench/q2_TB.vhd
# Compile Entity "tb_q2"
# Compile Architecture "tb" of Entity "tb_q2"
# Compile Configuration "cfg_tb_q2"
# Top-level unit(s) detected:
# Configuration => cfg_tb_q2
# Compile success 0 Errors 0 Warnings  Analysis time :  78.0 [ms]
asim -O5 +access +r +m+tb_q2 tb_q2 tb
# ELBREAD: Elaboration process.
# ELBREAD: Elaboration time 0.0 [s].
# VSIM: Stack memory: 32MB
# VSIM: Retval memory: 32MB
# KERNEL: Main thread initiated.
# KERNEL: Kernel process initialization phase.
# ELAB2: Elaboration final pass...
# ELAB2: Create instances ...
# KERNEL: Time resolution set to 1ps.
# ELAB2: Create instances complete.
# SLP: Started
# SLP: Elaboration phase ...
# SLP: Elaboration phase ... skipped, nothing to simulate in SLP mode : 0.0 [s]
# SLP: Finished : 0.0 [s]
# ELAB2: Elaboration final pass complete - time: 0.0 [s].
# KERNEL: Kernel process initialization done.
# Allocation: Simulator allocated 6443 kB (elbread=427 elab2=5872 kernel=143 sdf=0)
# KERNEL: ASDB file was created in location F:\uni\CAD\HW2\hw2_q2\q2\src\wave.asdb
#  11:15 AM, Friday, April 26, 2024
#  Simulation has been initialized
# Waveform file 'untitled.awc' connected to 'F:/uni/CAD/HW2/hw2_q2/q2/src/wave.asdb'.
# VSIM: 11 object(s) traced.
run 10 ns
# KERNEL: stopped at time: 10 ns
run 10 ns
# KERNEL: stopped at time: 20 ns
run 10 ns
# KERNEL: stopped at time: 30 ns
run 10 ns
# KERNEL: stopped at time: 40 ns
run 10 ns
# KERNEL: stopped at time: 50 ns
run 10 ns
# KERNEL: stopped at time: 60 ns
run 10 ns
# KERNEL: stopped at time: 70 ns
run 10 ns
# KERNEL: stopped at time: 80 ns
run 10 ns
# KERNEL: stopped at time: 90 ns
run 10 ns
# KERNEL: stopped at time: 100 ns
run 10 ns
# KERNEL: stopped at time: 110 ns
run 10 ns
# KERNEL: stopped at time: 120 ns
run 10 ns
# KERNEL: stopped at time: 130 ns
run 10 ns
# KERNEL: stopped at time: 140 ns
run 10 ns
# KERNEL: stopped at time: 150 ns
run 10 ns
# KERNEL: stopped at time: 160 ns
run 10 ns
# KERNEL: stopped at time: 170 ns
run 10 ns
# KERNEL: stopped at time: 180 ns
endsim
# VSIM: Simulation has finished.
asim -O5 +access +r +m+tb_q2 tb_q2 tb
# ELBREAD: Elaboration process.
# ELBREAD: Elaboration time 0.0 [s].
# VSIM: Stack memory: 32MB
# VSIM: Retval memory: 32MB
# KERNEL: Main thread initiated.
# KERNEL: Kernel process initialization phase.
# ELAB2: Elaboration final pass...
# ELAB2: Create instances ...
# KERNEL: Time resolution set to 1ps.
# ELAB2: Create instances complete.
# SLP: Started
# SLP: Elaboration phase ...
# SLP: Elaboration phase ... skipped, nothing to simulate in SLP mode : 0.0 [s]
# SLP: Finished : 0.0 [s]
# ELAB2: Elaboration final pass complete - time: 0.0 [s].
# KERNEL: Kernel process initialization done.
# Allocation: Simulator allocated 6443 kB (elbread=427 elab2=5872 kernel=143 sdf=0)
# KERNEL: ASDB file was created in location F:\uni\CAD\HW2\hw2_q2\q2\src\wave.asdb
#  11:16 AM, Friday, April 26, 2024
#  Simulation has been initialized
# Waveform file 'untitled.awc' connected to 'F:/uni/CAD/HW2/hw2_q2/q2/src/wave.asdb'.
run 10 ns
# KERNEL: stopped at time: 10 ns
endsim
# VSIM: Simulation has finished.
acom -dbg -e 100 -work q2 -2002  $dsn/src/q2.vhd $dsn/src/TestBench/q2_TB.vhd
# File: F:/uni/CAD/HW2/hw2_q2/q2/src/q2.vhd
# Compile Entity "q2"
# Compile Architecture "fifo_buffer" of Entity "q2"
# File: F:/uni/CAD/HW2/hw2_q2/q2/src/TestBench/q2_TB.vhd
# Compile Entity "tb_q2"
# Compile Architecture "tb" of Entity "tb_q2"
# Compile Configuration "cfg_tb_q2"
# Compile success 0 Errors 0 Warnings  Analysis time :  94.0 [ms]
acom -reorder -dbg -e 100 -work q2 -2002  $dsn/src/q2.vhd $dsn/src/TestBench/q2_TB.vhd
# File: F:/uni/CAD/HW2/hw2_q2/q2/src/q2.vhd
# Compile Entity "q2"
# Compile Architecture "fifo_buffer" of Entity "q2"
# File: F:/uni/CAD/HW2/hw2_q2/q2/src/TestBench/q2_TB.vhd
# Compile Entity "tb_q2"
# Compile Architecture "tb" of Entity "tb_q2"
# Compile Configuration "cfg_tb_q2"
# Top-level unit(s) detected:
# Configuration => cfg_tb_q2
# Compile success 0 Errors 0 Warnings  Analysis time :  78.0 [ms]
acom -reorder -dbg -e 100 -work q2 -2002  $dsn/src/q2.vhd $dsn/src/TestBench/q2_TB.vhd
# File: F:/uni/CAD/HW2/hw2_q2/q2/src/q2.vhd
# Compile Entity "q2"
# Compile Architecture "fifo_buffer" of Entity "q2"
# File: F:/uni/CAD/HW2/hw2_q2/q2/src/TestBench/q2_TB.vhd
# Compile Entity "tb_q2"
# Compile Architecture "tb" of Entity "tb_q2"
# Compile Configuration "cfg_tb_q2"
# Top-level unit(s) detected:
# Configuration => cfg_tb_q2
# Compile success 0 Errors 0 Warnings  Analysis time :  78.0 [ms]
asim -O5 +access +r +m+tb_q2 tb_q2 tb
# ELBREAD: Elaboration process.
# ELBREAD: Elaboration time 0.0 [s].
# VSIM: Stack memory: 32MB
# VSIM: Retval memory: 32MB
# KERNEL: Main thread initiated.
# KERNEL: Kernel process initialization phase.
# ELAB2: Elaboration final pass...
# ELAB2: Create instances ...
# KERNEL: Time resolution set to 1ps.
# ELAB2: Create instances complete.
# SLP: Started
# SLP: Elaboration phase ...
# SLP: Elaboration phase ... skipped, nothing to simulate in SLP mode : 0.0 [s]
# SLP: Finished : 0.0 [s]
# ELAB2: Elaboration final pass complete - time: 0.0 [s].
# KERNEL: Kernel process initialization done.
# Allocation: Simulator allocated 6443 kB (elbread=427 elab2=5872 kernel=143 sdf=0)
# KERNEL: ASDB file was created in location F:\uni\CAD\HW2\hw2_q2\q2\src\wave.asdb
#  11:16 AM, Friday, April 26, 2024
#  Simulation has been initialized
# Waveform file 'untitled.awc' connected to 'F:/uni/CAD/HW2/hw2_q2/q2/src/wave.asdb'.
# VSIM: 11 object(s) traced.
run 10 ns
# KERNEL: stopped at time: 10 ns
run 10 ns
# KERNEL: stopped at time: 20 ns
run 10 ns
# KERNEL: stopped at time: 30 ns
run 10 ns
# KERNEL: stopped at time: 40 ns
run 10 ns
# KERNEL: stopped at time: 50 ns
run 10 ns
# KERNEL: stopped at time: 60 ns
run 10 ns
# KERNEL: stopped at time: 70 ns
run 10 ns
# KERNEL: stopped at time: 80 ns
run 10 ns
# KERNEL: stopped at time: 90 ns
run 10 ns
# KERNEL: stopped at time: 100 ns
run 10 ns
# KERNEL: stopped at time: 110 ns
run 10 ns
# KERNEL: stopped at time: 120 ns
run 10 ns
# KERNEL: stopped at time: 130 ns
run 10 ns
# KERNEL: stopped at time: 140 ns
run 10 ns
# KERNEL: stopped at time: 150 ns
run 10 ns
# KERNEL: stopped at time: 160 ns
run 10 ns
# KERNEL: stopped at time: 170 ns
endsim
# VSIM: Simulation has finished.
acom -reorder -dbg -e 100 -work q2 -2002  $dsn/src/q2.vhd $dsn/src/TestBench/q2_TB.vhd
# File: F:/uni/CAD/HW2/hw2_q2/q2/src/q2.vhd
# Compile Entity "q2"
# Compile Architecture "fifo_buffer" of Entity "q2"
# File: F:/uni/CAD/HW2/hw2_q2/q2/src/TestBench/q2_TB.vhd
# Compile Entity "tb_q2"
# Compile Architecture "tb" of Entity "tb_q2"
# Compile Configuration "cfg_tb_q2"
# Top-level unit(s) detected:
# Configuration => cfg_tb_q2
# Compile success 0 Errors 0 Warnings  Analysis time :  0.1 [s]
asim -O5 +access +r +m+tb_q2 tb_q2 tb
# ELBREAD: Elaboration process.
# ELBREAD: Elaboration time 0.0 [s].
# VSIM: Stack memory: 32MB
# VSIM: Retval memory: 32MB
# KERNEL: Main thread initiated.
# KERNEL: Kernel process initialization phase.
# ELAB2: Elaboration final pass...
# ELAB2: Create instances ...
# KERNEL: Time resolution set to 1ps.
# ELAB2: Create instances complete.
# SLP: Started
# SLP: Elaboration phase ...
# SLP: Elaboration phase ... skipped, nothing to simulate in SLP mode : 0.0 [s]
# SLP: Finished : 0.0 [s]
# ELAB2: Elaboration final pass complete - time: 0.0 [s].
# KERNEL: Kernel process initialization done.
# Allocation: Simulator allocated 6443 kB (elbread=427 elab2=5872 kernel=143 sdf=0)
# KERNEL: ASDB file was created in location F:\uni\CAD\HW2\hw2_q2\q2\src\wave.asdb
#  11:18 AM, Friday, April 26, 2024
#  Simulation has been initialized
# Waveform file 'untitled.awc' connected to 'F:/uni/CAD/HW2/hw2_q2/q2/src/wave.asdb'.
# VSIM: 11 object(s) traced.
run 10 ns
# KERNEL: stopped at time: 10 ns
run 10 ns
# KERNEL: stopped at time: 20 ns
run 10 ns
# KERNEL: stopped at time: 30 ns
run 10 ns
# KERNEL: stopped at time: 40 ns
run 10 ns
# KERNEL: stopped at time: 50 ns
run 10 ns
# KERNEL: stopped at time: 60 ns
run 10 ns
# KERNEL: stopped at time: 70 ns
run 10 ns
# KERNEL: stopped at time: 80 ns
run 10 ns
# KERNEL: stopped at time: 90 ns
run 10 ns
# KERNEL: stopped at time: 100 ns
run 10 ns
# KERNEL: stopped at time: 110 ns
run 10 ns
# KERNEL: stopped at time: 120 ns
run 10 ns
# KERNEL: stopped at time: 130 ns
run 10 ns
# KERNEL: stopped at time: 140 ns
run 10 ns
# KERNEL: stopped at time: 150 ns
run 10 ns
# KERNEL: stopped at time: 160 ns
acom -reorder -dbg -e 100 -work q2 -2002  $dsn/src/q2.vhd $dsn/src/TestBench/q2_TB.vhd
# File: F:/uni/CAD/HW2/hw2_q2/q2/src/q2.vhd
# Compile Entity "q2"
# Compile Architecture "fifo_buffer" of Entity "q2"
# File: F:/uni/CAD/HW2/hw2_q2/q2/src/TestBench/q2_TB.vhd
# Compile Entity "tb_q2"
# Compile Architecture "tb" of Entity "tb_q2"
# Compile Configuration "cfg_tb_q2"
# Top-level unit(s) detected:
# Configuration => cfg_tb_q2
# Compile success 0 Errors 0 Warnings  Analysis time :  93.0 [ms]
acom -reorder -dbg -e 100 -work q2 -2002  $dsn/src/q2.vhd $dsn/src/TestBench/q2_TB.vhd
# File: F:/uni/CAD/HW2/hw2_q2/q2/src/q2.vhd
# Compile Entity "q2"
# Compile Architecture "fifo_buffer" of Entity "q2"
# File: F:/uni/CAD/HW2/hw2_q2/q2/src/TestBench/q2_TB.vhd
# Compile Entity "tb_q2"
# Compile Architecture "tb" of Entity "tb_q2"
# Compile Configuration "cfg_tb_q2"
# Top-level unit(s) detected:
# Configuration => cfg_tb_q2
# Compile success 0 Errors 0 Warnings  Analysis time :  93.0 [ms]
endsim
# VSIM: Simulation has finished.
asim -O5 +access +r +m+tb_q2 tb_q2 tb
# ELBREAD: Elaboration process.
# ELBREAD: Elaboration time 0.0 [s].
# VSIM: Stack memory: 32MB
# VSIM: Retval memory: 32MB
# KERNEL: Main thread initiated.
# KERNEL: Kernel process initialization phase.
# ELAB2: Elaboration final pass...
# ELAB2: Create instances ...
# KERNEL: Time resolution set to 1ps.
# ELAB2: Create instances complete.
# SLP: Started
# SLP: Elaboration phase ...
# SLP: Elaboration phase ... skipped, nothing to simulate in SLP mode : 0.0 [s]
# SLP: Finished : 0.0 [s]
# ELAB2: Elaboration final pass complete - time: 0.0 [s].
# KERNEL: Kernel process initialization done.
# Allocation: Simulator allocated 6443 kB (elbread=427 elab2=5872 kernel=143 sdf=0)
# KERNEL: ASDB file was created in location F:\uni\CAD\HW2\hw2_q2\q2\src\wave.asdb
#  11:19 AM, Friday, April 26, 2024
#  Simulation has been initialized
# Waveform file 'untitled.awc' connected to 'F:/uni/CAD/HW2/hw2_q2/q2/src/wave.asdb'.
# VSIM: 11 object(s) traced.
run 10 ns
# KERNEL: stopped at time: 10 ns
run 10 ns
# KERNEL: stopped at time: 20 ns
run 10 ns
# KERNEL: stopped at time: 30 ns
run 10 ns
# KERNEL: stopped at time: 40 ns
run 10 ns
# KERNEL: stopped at time: 50 ns
run 10 ns
# KERNEL: stopped at time: 60 ns
run 10 ns
# KERNEL: stopped at time: 70 ns
run 10 ns
# KERNEL: stopped at time: 80 ns
run 10 ns
# KERNEL: stopped at time: 90 ns
run 10 ns
# KERNEL: stopped at time: 100 ns
run 10 ns
# KERNEL: stopped at time: 110 ns
run 10 ns
# KERNEL: stopped at time: 120 ns
run 10 ns
# KERNEL: stopped at time: 130 ns
run 10 ns
# KERNEL: stopped at time: 140 ns
endsim
# VSIM: Simulation has finished.
acom -reorder -dbg -e 100 -work q2 -2002  $dsn/src/q2.vhd $dsn/src/TestBench/q2_TB.vhd
# File: F:/uni/CAD/HW2/hw2_q2/q2/src/q2.vhd
# Compile Entity "q2"
# Compile Architecture "fifo_buffer" of Entity "q2"
# File: F:/uni/CAD/HW2/hw2_q2/q2/src/TestBench/q2_TB.vhd
# Compile Entity "tb_q2"
# Compile Architecture "tb" of Entity "tb_q2"
# Compile Configuration "cfg_tb_q2"
# Top-level unit(s) detected:
# Configuration => cfg_tb_q2
# Error: COMP96_0015: q2.vhd : (134, 7): ';' expected.
# Error: COMP96_0019: q2.vhd : (134, 7): Keyword 'end' expected.
# Error: COMP96_0016: q2.vhd : (134, 9): Design unit declaration expected.
# Compile failure 3 Errors 0 Warnings  Analysis time :  93.0 [ms]
acom -reorder -dbg -e 100 -work q2 -2002  $dsn/src/q2.vhd $dsn/src/TestBench/q2_TB.vhd
# File: F:/uni/CAD/HW2/hw2_q2/q2/src/q2.vhd
# Compile Entity "q2"
# Compile Architecture "fifo_buffer" of Entity "q2"
# File: F:/uni/CAD/HW2/hw2_q2/q2/src/TestBench/q2_TB.vhd
# Compile Entity "tb_q2"
# Compile Architecture "tb" of Entity "tb_q2"
# Compile Configuration "cfg_tb_q2"
# Top-level unit(s) detected:
# Configuration => cfg_tb_q2
# Error: COMP96_0015: q2.vhd : (134, 7): ';' expected.
# Error: COMP96_0019: q2.vhd : (134, 7): Keyword 'end' expected.
# Error: COMP96_0016: q2.vhd : (134, 9): Design unit declaration expected.
# Compile failure 3 Errors 0 Warnings  Analysis time :  63.0 [ms]
acom -reorder -dbg -e 100 -work q2 -2002  $dsn/src/q2.vhd $dsn/src/TestBench/q2_TB.vhd
# File: F:/uni/CAD/HW2/hw2_q2/q2/src/q2.vhd
# Compile Entity "q2"
# Compile Architecture "fifo_buffer" of Entity "q2"
# File: F:/uni/CAD/HW2/hw2_q2/q2/src/TestBench/q2_TB.vhd
# Compile Entity "tb_q2"
# Compile Architecture "tb" of Entity "tb_q2"
# Compile Configuration "cfg_tb_q2"
# Top-level unit(s) detected:
# Configuration => cfg_tb_q2
# Error: ELBWRITE_0028: q2.vhd : (134, 0): The unresolved signal "tail" received values from multiple sources at 134 and 119 lines.
# Error: ELBWRITE_0028: q2.vhd : (135, 0): The unresolved signal "head" received values from multiple sources at 135 and 118 lines.
# Compile failure 2 Errors 0 Warnings  Analysis time :  63.0 [ms]
acom -reorder -dbg -e 100 -work q2 -2002  $dsn/src/q2.vhd $dsn/src/TestBench/q2_TB.vhd
# File: F:/uni/CAD/HW2/hw2_q2/q2/src/q2.vhd
# Compile Entity "q2"
# Compile Architecture "fifo_buffer" of Entity "q2"
# File: F:/uni/CAD/HW2/hw2_q2/q2/src/TestBench/q2_TB.vhd
# Compile Entity "tb_q2"
# Compile Architecture "tb" of Entity "tb_q2"
# Compile Configuration "cfg_tb_q2"
# Top-level unit(s) detected:
# Configuration => cfg_tb_q2
# Compile success 0 Errors 0 Warnings  Analysis time :  0.1 [s]
asim -O5 +access +r +m+tb_q2 tb_q2 tb
# ELBREAD: Elaboration process.
# ELBREAD: Elaboration time 0.0 [s].
# VSIM: Stack memory: 32MB
# VSIM: Retval memory: 32MB
# KERNEL: Main thread initiated.
# KERNEL: Kernel process initialization phase.
# ELAB2: Elaboration final pass...
# ELAB2: Create instances ...
# KERNEL: Time resolution set to 1ps.
# ELAB2: Create instances complete.
# SLP: Started
# SLP: Elaboration phase ...
# SLP: Elaboration phase ... skipped, nothing to simulate in SLP mode : 0.0 [s]
# SLP: Finished : 0.0 [s]
# ELAB2: Elaboration final pass complete - time: 0.0 [s].
# KERNEL: Kernel process initialization done.
# Allocation: Simulator allocated 6443 kB (elbread=427 elab2=5872 kernel=143 sdf=0)
# KERNEL: ASDB file was created in location F:\uni\CAD\HW2\hw2_q2\q2\src\wave.asdb
#  11:23 AM, Friday, April 26, 2024
#  Simulation has been initialized
# Waveform file 'untitled.awc' connected to 'F:/uni/CAD/HW2/hw2_q2/q2/src/wave.asdb'.
# VSIM: 11 object(s) traced.
run 10 ns
# KERNEL: stopped at time: 10 ns
run 10 ns
# KERNEL: stopped at time: 20 ns
run 10 ns
# KERNEL: stopped at time: 30 ns
run 10 ns
# KERNEL: stopped at time: 40 ns
run 10 ns
# KERNEL: stopped at time: 50 ns
run 10 ns
# KERNEL: stopped at time: 60 ns
run 10 ns
# KERNEL: stopped at time: 70 ns
run 10 ns
# KERNEL: stopped at time: 80 ns
run 10 ns
# KERNEL: stopped at time: 90 ns
run 10 ns
# KERNEL: stopped at time: 100 ns
run 10 ns
# KERNEL: stopped at time: 110 ns
run 10 ns
# KERNEL: stopped at time: 120 ns
run 10 ns
# KERNEL: stopped at time: 130 ns
run 10 ns
# KERNEL: stopped at time: 140 ns
run 10 ns
# KERNEL: stopped at time: 150 ns
run 10 ns
# KERNEL: stopped at time: 160 ns
run 10 ns
# KERNEL: stopped at time: 170 ns
run 10 ns
# KERNEL: stopped at time: 180 ns
# Waveform file 'F:/uni/CAD/HW2/hw2_q2/q2/src/waveform.awc' connected to 'F:/uni/CAD/HW2/hw2_q2/q2/src/waveform.asdb'.
# Adding file F:\uni\CAD\HW2\hw2_q2\q2\src\waveform.asdb ... Done
# Adding file F:\uni\CAD\HW2\hw2_q2\q2\src\waveform.awc ... Done
