Active-HDL 13.0.375.8320 2024-05-16 17:04:16

Elaboration top modules:
Architecture                  tb(tb_FunctionCalculator)


--------------------------------------------------------------------------------------------------------
Entity                | Architecture | Library | Info | Compiler Version          | Compilation Options
--------------------------------------------------------------------------------------------------------
tb_FunctionCalculator | tb           | q4      |      | 13.0.375.8320 (Windows64) | -dbg
FunctionCalculator    | Behavioral   | q4      |      | 13.0.375.8320 (Windows64) | -dbg
--------------------------------------------------------------------------------------------------------

--------------------------------------------------------------------------------------------------------
VHDL Package                         | Library | Info | Compiler Version          | Compilation Options
--------------------------------------------------------------------------------------------------------
standard                             | std     |      |                           | <unavailable>
TEXTIO                               | std     |      | 13.0.375.8320 (Windows64) |  -2019
std_logic_1164                       | ieee    |      | 13.0.375.8320 (Windows64) |  -2008
NUMERIC_STD                          | ieee    |      | 13.0.375.8320 (Windows64) |  -2008
MATH_REAL                            | ieee    |      | 13.0.375.8320 (Windows64) | <unavailable>
--------------------------------------------------------------------------------------------------------

--------------------------------------------------------------------------------------------------------
Library                              | Comment
--------------------------------------------------------------------------------------------------------
ieee                                 | Standard IEEE packages library
q4                                   | None
std                                  | Standard VHDL library
--------------------------------------------------------------------------------------------------------
