Active-HDL 13.0.375.8320 2024-05-13 17:51:29

Elaboration top modules:
Architecture                  tb(tb_binary_to_unary)


-----------------------------------------------------------------------------------------------------
Entity             | Architecture | Library | Info | Compiler Version          | Compilation Options
-----------------------------------------------------------------------------------------------------
tb_binary_to_unary | tb           | q1      |      | 13.0.375.8320 (Windows64) | -dbg
binary_to_unary    | Behavioral   | q1      |      | 13.0.375.8320 (Windows64) | -dbg
-----------------------------------------------------------------------------------------------------

-----------------------------------------------------------------------------------------------------
VHDL Package                      | Library | Info | Compiler Version          | Compilation Options
-----------------------------------------------------------------------------------------------------
standard                          | std     |      |                           | <unavailable>
TEXTIO                            | std     |      | 13.0.375.8320 (Windows64) |  -2019
std_logic_1164                    | ieee    |      | 13.0.375.8320 (Windows64) |  -2008
std_logic_arith                   | ieee    |      | 13.0.375.8320 (Windows64) | <unavailable>
STD_LOGIC_UNSIGNED                | ieee    |      | 13.0.375.8320 (Windows64) | <unavailable>
NUMERIC_STD                       | ieee    |      | 13.0.375.8320 (Windows64) |  -2008
-----------------------------------------------------------------------------------------------------

-----------------------------------------------------------------------------------------------------
Library                           | Comment
-----------------------------------------------------------------------------------------------------
ieee                              | Standard IEEE packages library
q1                                | None
std                               | Standard VHDL library
-----------------------------------------------------------------------------------------------------
