# ELBREAD: Elaboration process.
# ELBREAD: Elaboration time 0.0 [s].
# Waveform file 'F:/uni/CAD/HW3/hw3/q3/src/test3.awc' connected to 'F:/uni/CAD/HW3/hw3/q3/src/test3.asdb'.
# Waveform file 'F:/uni/CAD/HW3/hw3/q5/src/test5_1.awc' connected to 'F:/uni/CAD/HW3/hw3/q5/src/test5_1.asdb'.
acom -dbg -e 100 -work q5 -2002  $dsn/src/TestBench/convolutionunit2_TB.vhd
# File: F:/uni/CAD/HW3/hw3/q5/src/TestBench/convolutionunit2_TB.vhd
# Compile Entity "convolutionunit2_tb"
# Compile Architecture "TB_ARCHITECTURE" of Entity "convolutionunit2_tb"
# Compile Configuration "TESTBENCH_FOR_convolutionunit"
# Compile success 0 Errors 0 Warnings  Analysis time :  62.0 [ms]
acom -dbg -e 100 -work q5 -2002  $dsn/src/Convolution.vhd $dsn/src/TestBench/convolutionunit_TB.vhd $dsn/src/TestBench/convolutionunit2_TB.vhd
# File: F:/uni/CAD/HW3/hw3/q5/src/Convolution.vhd
# Compile Entity "ConvolutionUnit"
# Compile Architecture "Behavioral" of Entity "ConvolutionUnit"
# File: F:/uni/CAD/HW3/hw3/q5/src/TestBench/convolutionunit_TB.vhd
# Compile Entity "convolutionunit_tb"
# Compile Architecture "TB_ARCHITECTURE" of Entity "convolutionunit_tb"
# Compile Configuration "TESTBENCH_FOR_convolutionunit"
# File: F:/uni/CAD/HW3/hw3/q5/src/TestBench/convolutionunit2_TB.vhd
# Compile Entity "convolutionunit2_tb"
# Compile Architecture "TB_ARCHITECTURE" of Entity "convolutionunit2_tb"
# Compile Configuration "TESTBENCH_FOR_convolutionunit"
# Warning: COMP96_0994: TestBench/convolutionunit2_TB.vhd : (87, 1): Multiple configuration "TESTBENCH_FOR_convolutionunit" found in "F:/uni/CAD/HW3/hw3/q5/src/TestBench/convolutionunit2_TB.vhd", "F:/uni/CAD/HW3/hw3/q5/src/TestBench/convolutionunit_TB.vhd".
# Compile success 0 Errors 1 Warnings  Analysis time :  0.1 [s]
# ELBREAD: Elaboration process.
# ELBREAD: Elaboration time 0.0 [s].
asim -O5 +access +r +m+convolutionunit_tb convolutionunit_tb TB_ARCHITECTURE
# ELBREAD: Elaboration process.
# ELBREAD: Elaboration time 0.0 [s].
# VSIM: Stack memory: 32MB
# VSIM: Retval memory: 32MB
# KERNEL: Main thread initiated.
# KERNEL: Kernel process initialization phase.
# ELAB2: Elaboration final pass...
# ELAB2: Create instances ...
# KERNEL: Time resolution set to 1ps.
# ELAB2: Create instances complete.
# SLP: Started
# SLP: Elaboration phase ...
# SLP: Elaboration phase ... skipped, nothing to simulate in SLP mode : 0.0 [s]
# SLP: Finished : 0.0 [s]
# ELAB2: Elaboration final pass complete - time: 0.0 [s].
# KERNEL: Kernel process initialization done.
# Allocation: Simulator allocated 5590 kB (elbread=427 elab2=5020 kernel=142 sdf=0)
# KERNEL: ASDB file was created in location F:\uni\CAD\HW3\hw3\q5\src\wave.asdb
#  11:00 AM, Friday, May 17, 2024
#  Simulation has been initialized
# VSIM: 8 object(s) traced.
# Waveform file 'untitled.awc' connected to 'F:/uni/CAD/HW3/hw3/q5/src/wave.asdb'.
run 100 ns
# KERNEL: stopped at time: 100 ns
# Waveform file 'F:/uni/CAD/HW3/hw3/q5/src/test5_2.awc' connected to 'F:/uni/CAD/HW3/hw3/q5/src/test5_2.asdb'.
# Adding file F:\uni\CAD\HW3\hw3\q5\src\test5_2.asdb ... Done
# Adding file F:\uni\CAD\HW3\hw3\q5\src\test5_2.awc ... Done
