Active-HDL 13.0.375.8320 2024-05-17 10:17:00

Elaboration top modules:
Architecture                  tb(tb_NumberOperations)


------------------------------------------------------------------------------------------------------
Entity              | Architecture | Library | Info | Compiler Version          | Compilation Options
------------------------------------------------------------------------------------------------------
tb_NumberOperations | tb           | q3      |      | 13.0.375.8320 (Windows64) | -dbg
NumberOperations    | Behavioral   | q3      |      | 13.0.375.8320 (Windows64) | -dbg
------------------------------------------------------------------------------------------------------

------------------------------------------------------------------------------------------------------
VHDL Package                       | Library | Info | Compiler Version          | Compilation Options
------------------------------------------------------------------------------------------------------
standard                           | std     |      |                           | <unavailable>
TEXTIO                             | std     |      | 13.0.375.8320 (Windows64) |  -2019
std_logic_1164                     | ieee    |      | 13.0.375.8320 (Windows64) |  -2008
NUMERIC_STD                        | ieee    |      | 13.0.375.8320 (Windows64) |  -2008
------------------------------------------------------------------------------------------------------

------------------------------------------------------------------------------------------------------
Library                            | Comment
------------------------------------------------------------------------------------------------------
ieee                               | Standard IEEE packages library
q3                                 | None
std                                | Standard VHDL library
------------------------------------------------------------------------------------------------------
