Active-HDL 13.0.375.8320 2024-05-17 11:00:21

Elaboration top modules:
Architecture                  TB_ARCHITECTURE(convolutionunit_tb)


--------------------------------------------------------------------------------------------------------
Entity             | Architecture    | Library | Info | Compiler Version          | Compilation Options
--------------------------------------------------------------------------------------------------------
convolutionunit_tb | TB_ARCHITECTURE | q5      |      | 13.0.375.8320 (Windows64) | -dbg
ConvolutionUnit    | Behavioral      | q5      |      | 13.0.375.8320 (Windows64) | -dbg
--------------------------------------------------------------------------------------------------------

--------------------------------------------------------------------------------------------------------
VHDL Package                         | Library | Info | Compiler Version          | Compilation Options
--------------------------------------------------------------------------------------------------------
standard                             | std     |      |                           | <unavailable>
TEXTIO                               | std     |      | 13.0.375.8320 (Windows64) |  -2019
std_logic_1164                       | ieee    |      | 13.0.375.8320 (Windows64) |  -2008
NUMERIC_STD                          | ieee    |      | 13.0.375.8320 (Windows64) |  -2008
--------------------------------------------------------------------------------------------------------

--------------------------------------------------------------------------------------------------------
Library                              | Comment
--------------------------------------------------------------------------------------------------------
ieee                                 | Standard IEEE packages library
q5                                   | None
std                                  | Standard VHDL library
--------------------------------------------------------------------------------------------------------


Simulation Options: asim -O5 +access +r +m+convolutionunit_tb convolutionunit_tb TB_ARCHITECTURE

