Active-HDL 13.0.375.8320 2024-04-26 16:05:49

Elaboration top modules:
Architecture                  tb(tb_complex_operations)


-------------------------------------------------------------------------------------------------------------------
Entity                | Architecture | Library            | Info | Compiler Version          | Compilation Options
-------------------------------------------------------------------------------------------------------------------
tb_complex_operations | tb           | complex_operations |      | 13.0.375.8320 (Windows64) | -dbg
complex_operations    | behavioral   | complex_operations |      | 13.0.375.8320 (Windows64) | -dbg
-------------------------------------------------------------------------------------------------------------------

-------------------------------------------------------------------------------------------------------------------
VHDL Package                         | Library            | Info | Compiler Version          | Compilation Options
-------------------------------------------------------------------------------------------------------------------
standard                             | std                |      |                           | <unavailable>
TEXTIO                               | std                |      | 13.0.375.8320 (Windows64) |  -2019
std_logic_1164                       | ieee               |      | 13.0.375.8320 (Windows64) |  -2008
-------------------------------------------------------------------------------------------------------------------

-------------------------------------------------------------------------------------------------------------------
Library                              | Comment
-------------------------------------------------------------------------------------------------------------------
complex_operations                   | None
ieee                                 | Standard IEEE packages library
std                                  | Standard VHDL library
-------------------------------------------------------------------------------------------------------------------


Simulation Options: asim -O5 +access +r +m+tb_complex_operations tb_complex_operations tb

